2020-03-17 00:42:59,446 apscheduler.scheduler INFO     Adding job tentatively -- it will be properly scheduled when the scheduler starts
2020-03-17 00:42:59,446 apscheduler.scheduler INFO     Added job "trade_job" to job store "default"
2020-03-17 00:42:59,446 apscheduler.scheduler INFO     Scheduler started
2020-03-17 00:42:59,446 apscheduler.scheduler DEBUG    Looking for jobs to run
2020-03-17 00:42:59,447 apscheduler.scheduler DEBUG    Next wakeup is due at 2020-03-16 14:43:00+00:00 (in 0.552979 seconds)
2020-03-17 00:43:00,002 apscheduler.scheduler DEBUG    Looking for jobs to run
2020-03-17 00:43:00,002 apscheduler.executors.default INFO     Running job "trade_job (trigger: cron[year='*', month='*', day='*', week='*', day_of_week='*', hour='*', minute='*', second='*'], next run at: 2020-03-16 14:43:00 UTC)" (scheduled at 2020-03-16 14:43:00+00:00)
2020-03-17 00:43:00,003 sandbox      DEBUG    running second job at time: time.struct_time(tm_year=2020, tm_mon=3, tm_mday=16, tm_hour=14, tm_min=43, tm_sec=0, tm_wday=0, tm_yday=76, tm_isdst=0)
2020-03-17 00:43:00,003 apscheduler.executors.default INFO     Job "trade_job (trigger: cron[year='*', month='*', day='*', week='*', day_of_week='*', hour='*', minute='*', second='*'], next run at: 2020-03-16 14:43:00 UTC)" executed successfully
2020-03-17 00:43:00,003 apscheduler.scheduler DEBUG    Next wakeup is due at 2020-03-16 14:43:01+00:00 (in 0.997596 seconds)
2020-03-17 00:43:01,002 apscheduler.scheduler DEBUG    Looking for jobs to run
2020-03-17 00:43:01,002 apscheduler.executors.default INFO     Running job "trade_job (trigger: cron[year='*', month='*', day='*', week='*', day_of_week='*', hour='*', minute='*', second='*'], next run at: 2020-03-16 14:43:01 UTC)" (scheduled at 2020-03-16 14:43:01+00:00)
2020-03-17 00:43:01,003 sandbox      DEBUG    running second job at time: time.struct_time(tm_year=2020, tm_mon=3, tm_mday=16, tm_hour=14, tm_min=43, tm_sec=1, tm_wday=0, tm_yday=76, tm_isdst=0)
2020-03-17 00:43:01,003 apscheduler.executors.default INFO     Job "trade_job (trigger: cron[year='*', month='*', day='*', week='*', day_of_week='*', hour='*', minute='*', second='*'], next run at: 2020-03-16 14:43:01 UTC)" executed successfully
2020-03-17 00:43:01,003 apscheduler.scheduler DEBUG    Next wakeup is due at 2020-03-16 14:43:02+00:00 (in 0.997579 seconds)
2020-03-17 00:43:02,001 apscheduler.scheduler DEBUG    Looking for jobs to run
2020-03-17 00:43:02,002 apscheduler.executors.default INFO     Running job "trade_job (trigger: cron[year='*', month='*', day='*', week='*', day_of_week='*', hour='*', minute='*', second='*'], next run at: 2020-03-16 14:43:02 UTC)" (scheduled at 2020-03-16 14:43:02+00:00)
2020-03-17 00:43:02,002 apscheduler.scheduler DEBUG    Next wakeup is due at 2020-03-16 14:43:03+00:00 (in 0.998256 seconds)
2020-03-17 00:43:02,002 sandbox      DEBUG    running second job at time: time.struct_time(tm_year=2020, tm_mon=3, tm_mday=16, tm_hour=14, tm_min=43, tm_sec=2, tm_wday=0, tm_yday=76, tm_isdst=0)
2020-03-17 00:43:02,002 apscheduler.executors.default INFO     Job "trade_job (trigger: cron[year='*', month='*', day='*', week='*', day_of_week='*', hour='*', minute='*', second='*'], next run at: 2020-03-16 14:43:03 UTC)" executed successfully
2020-03-17 00:43:03,001 apscheduler.scheduler DEBUG    Looking for jobs to run
2020-03-17 00:43:03,001 apscheduler.executors.default INFO     Running job "trade_job (trigger: cron[year='*', month='*', day='*', week='*', day_of_week='*', hour='*', minute='*', second='*'], next run at: 2020-03-16 14:43:03 UTC)" (scheduled at 2020-03-16 14:43:03+00:00)
2020-03-17 00:43:03,001 sandbox      DEBUG    running second job at time: time.struct_time(tm_year=2020, tm_mon=3, tm_mday=16, tm_hour=14, tm_min=43, tm_sec=3, tm_wday=0, tm_yday=76, tm_isdst=0)
2020-03-17 00:43:03,001 apscheduler.executors.default INFO     Job "trade_job (trigger: cron[year='*', month='*', day='*', week='*', day_of_week='*', hour='*', minute='*', second='*'], next run at: 2020-03-16 14:43:03 UTC)" executed successfully
2020-03-17 00:43:03,002 apscheduler.scheduler DEBUG    Next wakeup is due at 2020-03-16 14:43:04+00:00 (in 0.998716 seconds)
2020-03-17 00:43:04,003 apscheduler.scheduler DEBUG    Looking for jobs to run
2020-03-17 00:43:04,004 apscheduler.executors.default INFO     Running job "trade_job (trigger: cron[year='*', month='*', day='*', week='*', day_of_week='*', hour='*', minute='*', second='*'], next run at: 2020-03-16 14:43:04 UTC)" (scheduled at 2020-03-16 14:43:04+00:00)
2020-03-17 00:43:04,004 sandbox      DEBUG    running second job at time: time.struct_time(tm_year=2020, tm_mon=3, tm_mday=16, tm_hour=14, tm_min=43, tm_sec=4, tm_wday=0, tm_yday=76, tm_isdst=0)
2020-03-17 00:43:04,004 apscheduler.scheduler DEBUG    Next wakeup is due at 2020-03-16 14:43:05+00:00 (in 0.996323 seconds)
2020-03-17 00:43:04,004 apscheduler.executors.default INFO     Job "trade_job (trigger: cron[year='*', month='*', day='*', week='*', day_of_week='*', hour='*', minute='*', second='*'], next run at: 2020-03-16 14:43:05 UTC)" executed successfully
2020-03-17 00:43:05,001 apscheduler.scheduler DEBUG    Looking for jobs to run
2020-03-17 00:43:05,001 apscheduler.executors.default INFO     Running job "trade_job (trigger: cron[year='*', month='*', day='*', week='*', day_of_week='*', hour='*', minute='*', second='*'], next run at: 2020-03-16 14:43:05 UTC)" (scheduled at 2020-03-16 14:43:05+00:00)
2020-03-17 00:43:05,002 sandbox      DEBUG    running second job at time: time.struct_time(tm_year=2020, tm_mon=3, tm_mday=16, tm_hour=14, tm_min=43, tm_sec=5, tm_wday=0, tm_yday=76, tm_isdst=0)
2020-03-17 00:43:05,002 apscheduler.executors.default INFO     Job "trade_job (trigger: cron[year='*', month='*', day='*', week='*', day_of_week='*', hour='*', minute='*', second='*'], next run at: 2020-03-16 14:43:05 UTC)" executed successfully
2020-03-17 00:43:05,002 apscheduler.scheduler DEBUG    Next wakeup is due at 2020-03-16 14:43:06+00:00 (in 0.998556 seconds)
2020-03-17 00:43:06,001 apscheduler.scheduler DEBUG    Looking for jobs to run
2020-03-17 00:43:06,002 apscheduler.executors.default INFO     Running job "trade_job (trigger: cron[year='*', month='*', day='*', week='*', day_of_week='*', hour='*', minute='*', second='*'], next run at: 2020-03-16 14:43:06 UTC)" (scheduled at 2020-03-16 14:43:06+00:00)
2020-03-17 00:43:06,002 apscheduler.scheduler DEBUG    Next wakeup is due at 2020-03-16 14:43:07+00:00 (in 0.998116 seconds)
2020-03-17 00:43:06,002 sandbox      DEBUG    running second job at time: time.struct_time(tm_year=2020, tm_mon=3, tm_mday=16, tm_hour=14, tm_min=43, tm_sec=6, tm_wday=0, tm_yday=76, tm_isdst=0)
2020-03-17 00:43:06,003 apscheduler.executors.default INFO     Job "trade_job (trigger: cron[year='*', month='*', day='*', week='*', day_of_week='*', hour='*', minute='*', second='*'], next run at: 2020-03-16 14:43:07 UTC)" executed successfully
2020-03-17 00:43:07,001 apscheduler.scheduler DEBUG    Looking for jobs to run
2020-03-17 00:43:07,001 apscheduler.executors.default INFO     Running job "trade_job (trigger: cron[year='*', month='*', day='*', week='*', day_of_week='*', hour='*', minute='*', second='*'], next run at: 2020-03-16 14:43:07 UTC)" (scheduled at 2020-03-16 14:43:07+00:00)
2020-03-17 00:43:07,002 sandbox      DEBUG    running second job at time: time.struct_time(tm_year=2020, tm_mon=3, tm_mday=16, tm_hour=14, tm_min=43, tm_sec=7, tm_wday=0, tm_yday=76, tm_isdst=0)
2020-03-17 00:43:07,002 apscheduler.executors.default INFO     Job "trade_job (trigger: cron[year='*', month='*', day='*', week='*', day_of_week='*', hour='*', minute='*', second='*'], next run at: 2020-03-16 14:43:07 UTC)" executed successfully
2020-03-17 00:43:07,002 apscheduler.scheduler DEBUG    Next wakeup is due at 2020-03-16 14:43:08+00:00 (in 0.998518 seconds)
2020-03-17 00:43:08,001 apscheduler.scheduler DEBUG    Looking for jobs to run
2020-03-17 00:43:08,001 apscheduler.executors.default INFO     Running job "trade_job (trigger: cron[year='*', month='*', day='*', week='*', day_of_week='*', hour='*', minute='*', second='*'], next run at: 2020-03-16 14:43:08 UTC)" (scheduled at 2020-03-16 14:43:08+00:00)
2020-03-17 00:43:08,002 apscheduler.scheduler DEBUG    Next wakeup is due at 2020-03-16 14:43:09+00:00 (in 0.998516 seconds)
2020-03-17 00:43:08,002 sandbox      DEBUG    running second job at time: time.struct_time(tm_year=2020, tm_mon=3, tm_mday=16, tm_hour=14, tm_min=43, tm_sec=8, tm_wday=0, tm_yday=76, tm_isdst=0)
2020-03-17 00:43:08,002 apscheduler.executors.default INFO     Job "trade_job (trigger: cron[year='*', month='*', day='*', week='*', day_of_week='*', hour='*', minute='*', second='*'], next run at: 2020-03-16 14:43:09 UTC)" executed successfully
2020-03-17 00:43:09,002 apscheduler.scheduler DEBUG    Looking for jobs to run
2020-03-17 00:43:09,002 apscheduler.executors.default INFO     Running job "trade_job (trigger: cron[year='*', month='*', day='*', week='*', day_of_week='*', hour='*', minute='*', second='*'], next run at: 2020-03-16 14:43:09 UTC)" (scheduled at 2020-03-16 14:43:09+00:00)
2020-03-17 00:43:09,002 sandbox      DEBUG    running second job at time: time.struct_time(tm_year=2020, tm_mon=3, tm_mday=16, tm_hour=14, tm_min=43, tm_sec=9, tm_wday=0, tm_yday=76, tm_isdst=0)
2020-03-17 00:43:09,003 apscheduler.executors.default INFO     Job "trade_job (trigger: cron[year='*', month='*', day='*', week='*', day_of_week='*', hour='*', minute='*', second='*'], next run at: 2020-03-16 14:43:09 UTC)" executed successfully
2020-03-17 00:43:09,003 apscheduler.scheduler DEBUG    Next wakeup is due at 2020-03-16 14:43:10+00:00 (in 0.997612 seconds)
2020-03-17 00:43:10,001 apscheduler.scheduler DEBUG    Looking for jobs to run
2020-03-17 00:43:10,001 apscheduler.executors.default INFO     Running job "trade_job (trigger: cron[year='*', month='*', day='*', week='*', day_of_week='*', hour='*', minute='*', second='*'], next run at: 2020-03-16 14:43:10 UTC)" (scheduled at 2020-03-16 14:43:10+00:00)
2020-03-17 00:43:10,001 sandbox      DEBUG    running second job at time: time.struct_time(tm_year=2020, tm_mon=3, tm_mday=16, tm_hour=14, tm_min=43, tm_sec=10, tm_wday=0, tm_yday=76, tm_isdst=0)
2020-03-17 00:43:10,001 apscheduler.executors.default INFO     Job "trade_job (trigger: cron[year='*', month='*', day='*', week='*', day_of_week='*', hour='*', minute='*', second='*'], next run at: 2020-03-16 14:43:10 UTC)" executed successfully
2020-03-17 00:43:10,002 apscheduler.scheduler DEBUG    Next wakeup is due at 2020-03-16 14:43:11+00:00 (in 0.998580 seconds)
2020-03-17 00:43:11,003 apscheduler.scheduler DEBUG    Looking for jobs to run
2020-03-17 00:43:11,003 apscheduler.executors.default INFO     Running job "trade_job (trigger: cron[year='*', month='*', day='*', week='*', day_of_week='*', hour='*', minute='*', second='*'], next run at: 2020-03-16 14:43:11 UTC)" (scheduled at 2020-03-16 14:43:11+00:00)
2020-03-17 00:43:11,004 sandbox      DEBUG    running second job at time: time.struct_time(tm_year=2020, tm_mon=3, tm_mday=16, tm_hour=14, tm_min=43, tm_sec=11, tm_wday=0, tm_yday=76, tm_isdst=0)
2020-03-17 00:43:11,004 apscheduler.executors.default INFO     Job "trade_job (trigger: cron[year='*', month='*', day='*', week='*', day_of_week='*', hour='*', minute='*', second='*'], next run at: 2020-03-16 14:43:11 UTC)" executed successfully
2020-03-17 00:43:11,004 apscheduler.scheduler DEBUG    Next wakeup is due at 2020-03-16 14:43:12+00:00 (in 0.996530 seconds)
2020-03-17 00:43:12,001 apscheduler.scheduler DEBUG    Looking for jobs to run
2020-03-17 00:43:12,001 apscheduler.executors.default INFO     Running job "trade_job (trigger: cron[year='*', month='*', day='*', week='*', day_of_week='*', hour='*', minute='*', second='*'], next run at: 2020-03-16 14:43:12 UTC)" (scheduled at 2020-03-16 14:43:12+00:00)
2020-03-17 00:43:12,001 apscheduler.scheduler DEBUG    Next wakeup is due at 2020-03-16 14:43:13+00:00 (in 0.998748 seconds)
2020-03-17 00:43:12,001 sandbox      DEBUG    running second job at time: time.struct_time(tm_year=2020, tm_mon=3, tm_mday=16, tm_hour=14, tm_min=43, tm_sec=12, tm_wday=0, tm_yday=76, tm_isdst=0)
2020-03-17 00:43:12,002 apscheduler.executors.default INFO     Job "trade_job (trigger: cron[year='*', month='*', day='*', week='*', day_of_week='*', hour='*', minute='*', second='*'], next run at: 2020-03-16 14:43:13 UTC)" executed successfully
2020-03-17 00:43:13,003 apscheduler.scheduler DEBUG    Looking for jobs to run
2020-03-17 00:43:13,003 apscheduler.executors.default INFO     Running job "trade_job (trigger: cron[year='*', month='*', day='*', week='*', day_of_week='*', hour='*', minute='*', second='*'], next run at: 2020-03-16 14:43:13 UTC)" (scheduled at 2020-03-16 14:43:13+00:00)
2020-03-17 00:43:13,004 apscheduler.scheduler DEBUG    Next wakeup is due at 2020-03-16 14:43:14+00:00 (in 0.996468 seconds)
2020-03-17 00:43:13,004 sandbox      DEBUG    running second job at time: time.struct_time(tm_year=2020, tm_mon=3, tm_mday=16, tm_hour=14, tm_min=43, tm_sec=13, tm_wday=0, tm_yday=76, tm_isdst=0)
2020-03-17 00:43:13,004 apscheduler.executors.default INFO     Job "trade_job (trigger: cron[year='*', month='*', day='*', week='*', day_of_week='*', hour='*', minute='*', second='*'], next run at: 2020-03-16 14:43:14 UTC)" executed successfully
2020-03-17 00:43:14,003 apscheduler.scheduler DEBUG    Looking for jobs to run
2020-03-17 00:43:14,003 apscheduler.executors.default INFO     Running job "trade_job (trigger: cron[year='*', month='*', day='*', week='*', day_of_week='*', hour='*', minute='*', second='*'], next run at: 2020-03-16 14:43:14 UTC)" (scheduled at 2020-03-16 14:43:14+00:00)
2020-03-17 00:43:14,004 apscheduler.scheduler DEBUG    Next wakeup is due at 2020-03-16 14:43:15+00:00 (in 0.996423 seconds)
2020-03-17 00:43:14,004 sandbox      DEBUG    running second job at time: time.struct_time(tm_year=2020, tm_mon=3, tm_mday=16, tm_hour=14, tm_min=43, tm_sec=14, tm_wday=0, tm_yday=76, tm_isdst=0)
2020-03-17 00:43:14,004 apscheduler.executors.default INFO     Job "trade_job (trigger: cron[year='*', month='*', day='*', week='*', day_of_week='*', hour='*', minute='*', second='*'], next run at: 2020-03-16 14:43:15 UTC)" executed successfully
2020-03-17 00:43:15,004 apscheduler.scheduler DEBUG    Looking for jobs to run
2020-03-17 00:43:15,004 apscheduler.executors.default INFO     Running job "trade_job (trigger: cron[year='*', month='*', day='*', week='*', day_of_week='*', hour='*', minute='*', second='*'], next run at: 2020-03-16 14:43:15 UTC)" (scheduled at 2020-03-16 14:43:15+00:00)
2020-03-17 00:43:15,004 sandbox      DEBUG    running second job at time: time.struct_time(tm_year=2020, tm_mon=3, tm_mday=16, tm_hour=14, tm_min=43, tm_sec=15, tm_wday=0, tm_yday=76, tm_isdst=0)
2020-03-17 00:43:15,004 apscheduler.executors.default INFO     Job "trade_job (trigger: cron[year='*', month='*', day='*', week='*', day_of_week='*', hour='*', minute='*', second='*'], next run at: 2020-03-16 14:43:15 UTC)" executed successfully
2020-03-17 00:43:15,005 apscheduler.scheduler DEBUG    Next wakeup is due at 2020-03-16 14:43:16+00:00 (in 0.995641 seconds)
2020-03-17 00:43:16,000 apscheduler.scheduler DEBUG    Looking for jobs to run
2020-03-17 00:43:16,001 apscheduler.executors.default INFO     Running job "trade_job (trigger: cron[year='*', month='*', day='*', week='*', day_of_week='*', hour='*', minute='*', second='*'], next run at: 2020-03-16 14:43:16 UTC)" (scheduled at 2020-03-16 14:43:16+00:00)
2020-03-17 00:43:16,002 apscheduler.scheduler DEBUG    Next wakeup is due at 2020-03-16 14:43:17+00:00 (in 0.998773 seconds)
2020-03-17 00:43:16,002 sandbox      DEBUG    running second job at time: time.struct_time(tm_year=2020, tm_mon=3, tm_mday=16, tm_hour=14, tm_min=43, tm_sec=16, tm_wday=0, tm_yday=76, tm_isdst=0)
2020-03-17 00:43:16,002 apscheduler.executors.default INFO     Job "trade_job (trigger: cron[year='*', month='*', day='*', week='*', day_of_week='*', hour='*', minute='*', second='*'], next run at: 2020-03-16 14:43:17 UTC)" executed successfully
2020-03-17 00:43:17,004 apscheduler.scheduler DEBUG    Looking for jobs to run
2020-03-17 00:43:17,004 apscheduler.executors.default INFO     Running job "trade_job (trigger: cron[year='*', month='*', day='*', week='*', day_of_week='*', hour='*', minute='*', second='*'], next run at: 2020-03-16 14:43:17 UTC)" (scheduled at 2020-03-16 14:43:17+00:00)
2020-03-17 00:43:17,005 apscheduler.scheduler DEBUG    Next wakeup is due at 2020-03-16 14:43:18+00:00 (in 0.995421 seconds)
2020-03-17 00:43:17,005 sandbox      DEBUG    running second job at time: time.struct_time(tm_year=2020, tm_mon=3, tm_mday=16, tm_hour=14, tm_min=43, tm_sec=17, tm_wday=0, tm_yday=76, tm_isdst=0)
2020-03-17 00:43:17,005 apscheduler.executors.default INFO     Job "trade_job (trigger: cron[year='*', month='*', day='*', week='*', day_of_week='*', hour='*', minute='*', second='*'], next run at: 2020-03-16 14:43:18 UTC)" executed successfully
2020-03-17 00:43:18,002 apscheduler.scheduler DEBUG    Looking for jobs to run
2020-03-17 00:43:18,003 apscheduler.executors.default INFO     Running job "trade_job (trigger: cron[year='*', month='*', day='*', week='*', day_of_week='*', hour='*', minute='*', second='*'], next run at: 2020-03-16 14:43:18 UTC)" (scheduled at 2020-03-16 14:43:18+00:00)
2020-03-17 00:43:18,003 sandbox      DEBUG    running second job at time: time.struct_time(tm_year=2020, tm_mon=3, tm_mday=16, tm_hour=14, tm_min=43, tm_sec=18, tm_wday=0, tm_yday=76, tm_isdst=0)
2020-03-17 00:43:18,003 apscheduler.executors.default INFO     Job "trade_job (trigger: cron[year='*', month='*', day='*', week='*', day_of_week='*', hour='*', minute='*', second='*'], next run at: 2020-03-16 14:43:18 UTC)" executed successfully
2020-03-17 00:43:18,003 apscheduler.scheduler DEBUG    Next wakeup is due at 2020-03-16 14:43:19+00:00 (in 0.997217 seconds)
2020-03-17 00:43:19,005 apscheduler.scheduler DEBUG    Looking for jobs to run
2020-03-17 00:43:19,005 apscheduler.executors.default INFO     Running job "trade_job (trigger: cron[year='*', month='*', day='*', week='*', day_of_week='*', hour='*', minute='*', second='*'], next run at: 2020-03-16 14:43:19 UTC)" (scheduled at 2020-03-16 14:43:19+00:00)
2020-03-17 00:43:19,006 sandbox      DEBUG    running second job at time: time.struct_time(tm_year=2020, tm_mon=3, tm_mday=16, tm_hour=14, tm_min=43, tm_sec=19, tm_wday=0, tm_yday=76, tm_isdst=0)
2020-03-17 00:43:19,006 apscheduler.executors.default INFO     Job "trade_job (trigger: cron[year='*', month='*', day='*', week='*', day_of_week='*', hour='*', minute='*', second='*'], next run at: 2020-03-16 14:43:19 UTC)" executed successfully
2020-03-17 00:43:19,006 apscheduler.scheduler DEBUG    Next wakeup is due at 2020-03-16 14:43:20+00:00 (in 0.994385 seconds)
2020-03-17 00:43:20,001 apscheduler.scheduler DEBUG    Looking for jobs to run
2020-03-17 00:43:20,002 apscheduler.scheduler DEBUG    Next wakeup is due at 2020-03-16 14:43:21+00:00 (in 0.998193 seconds)
2020-03-17 00:43:20,002 apscheduler.executors.default INFO     Running job "trade_job (trigger: cron[year='*', month='*', day='*', week='*', day_of_week='*', hour='*', minute='*', second='*'], next run at: 2020-03-16 14:43:21 UTC)" (scheduled at 2020-03-16 14:43:20+00:00)
2020-03-17 00:43:20,002 sandbox      DEBUG    running second job at time: time.struct_time(tm_year=2020, tm_mon=3, tm_mday=16, tm_hour=14, tm_min=43, tm_sec=20, tm_wday=0, tm_yday=76, tm_isdst=0)
2020-03-17 00:43:20,002 apscheduler.executors.default INFO     Job "trade_job (trigger: cron[year='*', month='*', day='*', week='*', day_of_week='*', hour='*', minute='*', second='*'], next run at: 2020-03-16 14:43:21 UTC)" executed successfully
2020-03-17 00:43:21,001 apscheduler.scheduler DEBUG    Looking for jobs to run
2020-03-17 00:43:21,001 apscheduler.scheduler DEBUG    Next wakeup is due at 2020-03-16 14:43:22+00:00 (in 0.998480 seconds)
2020-03-17 00:43:21,002 apscheduler.executors.default INFO     Running job "trade_job (trigger: cron[year='*', month='*', day='*', week='*', day_of_week='*', hour='*', minute='*', second='*'], next run at: 2020-03-16 14:43:22 UTC)" (scheduled at 2020-03-16 14:43:21+00:00)
2020-03-17 00:43:21,002 sandbox      DEBUG    running second job at time: time.struct_time(tm_year=2020, tm_mon=3, tm_mday=16, tm_hour=14, tm_min=43, tm_sec=21, tm_wday=0, tm_yday=76, tm_isdst=0)
2020-03-17 00:43:21,002 apscheduler.executors.default INFO     Job "trade_job (trigger: cron[year='*', month='*', day='*', week='*', day_of_week='*', hour='*', minute='*', second='*'], next run at: 2020-03-16 14:43:22 UTC)" executed successfully
2020-03-17 00:43:22,001 apscheduler.scheduler DEBUG    Looking for jobs to run
2020-03-17 00:43:22,001 apscheduler.scheduler DEBUG    Next wakeup is due at 2020-03-16 14:43:23+00:00 (in 0.998778 seconds)
2020-03-17 00:43:22,001 apscheduler.executors.default INFO     Running job "trade_job (trigger: cron[year='*', month='*', day='*', week='*', day_of_week='*', hour='*', minute='*', second='*'], next run at: 2020-03-16 14:43:23 UTC)" (scheduled at 2020-03-16 14:43:22+00:00)
2020-03-17 00:43:22,001 sandbox      DEBUG    running second job at time: time.struct_time(tm_year=2020, tm_mon=3, tm_mday=16, tm_hour=14, tm_min=43, tm_sec=22, tm_wday=0, tm_yday=76, tm_isdst=0)
2020-03-17 00:43:22,002 apscheduler.executors.default INFO     Job "trade_job (trigger: cron[year='*', month='*', day='*', week='*', day_of_week='*', hour='*', minute='*', second='*'], next run at: 2020-03-16 14:43:23 UTC)" executed successfully
2020-03-17 00:43:23,001 apscheduler.scheduler DEBUG    Looking for jobs to run
2020-03-17 00:43:23,001 apscheduler.scheduler DEBUG    Next wakeup is due at 2020-03-16 14:43:24+00:00 (in 0.998332 seconds)
2020-03-17 00:43:23,002 apscheduler.executors.default INFO     Running job "trade_job (trigger: cron[year='*', month='*', day='*', week='*', day_of_week='*', hour='*', minute='*', second='*'], next run at: 2020-03-16 14:43:24 UTC)" (scheduled at 2020-03-16 14:43:23+00:00)
2020-03-17 00:43:23,002 sandbox      DEBUG    running second job at time: time.struct_time(tm_year=2020, tm_mon=3, tm_mday=16, tm_hour=14, tm_min=43, tm_sec=23, tm_wday=0, tm_yday=76, tm_isdst=0)
2020-03-17 00:43:23,002 apscheduler.executors.default INFO     Job "trade_job (trigger: cron[year='*', month='*', day='*', week='*', day_of_week='*', hour='*', minute='*', second='*'], next run at: 2020-03-16 14:43:24 UTC)" executed successfully
2020-03-17 00:43:24,001 apscheduler.scheduler DEBUG    Looking for jobs to run
2020-03-17 00:43:24,001 apscheduler.scheduler DEBUG    Next wakeup is due at 2020-03-16 14:43:25+00:00 (in 0.998365 seconds)
2020-03-17 00:43:24,002 apscheduler.executors.default INFO     Running job "trade_job (trigger: cron[year='*', month='*', day='*', week='*', day_of_week='*', hour='*', minute='*', second='*'], next run at: 2020-03-16 14:43:25 UTC)" (scheduled at 2020-03-16 14:43:24+00:00)
2020-03-17 00:43:24,002 sandbox      DEBUG    running second job at time: time.struct_time(tm_year=2020, tm_mon=3, tm_mday=16, tm_hour=14, tm_min=43, tm_sec=24, tm_wday=0, tm_yday=76, tm_isdst=0)
2020-03-17 00:43:24,002 apscheduler.executors.default INFO     Job "trade_job (trigger: cron[year='*', month='*', day='*', week='*', day_of_week='*', hour='*', minute='*', second='*'], next run at: 2020-03-16 14:43:25 UTC)" executed successfully
2020-03-17 00:43:25,002 apscheduler.scheduler DEBUG    Looking for jobs to run
2020-03-17 00:43:25,002 apscheduler.scheduler DEBUG    Next wakeup is due at 2020-03-16 14:43:26+00:00 (in 0.997555 seconds)
2020-03-17 00:43:25,002 apscheduler.executors.default INFO     Running job "trade_job (trigger: cron[year='*', month='*', day='*', week='*', day_of_week='*', hour='*', minute='*', second='*'], next run at: 2020-03-16 14:43:26 UTC)" (scheduled at 2020-03-16 14:43:25+00:00)
2020-03-17 00:43:25,003 sandbox      DEBUG    running second job at time: time.struct_time(tm_year=2020, tm_mon=3, tm_mday=16, tm_hour=14, tm_min=43, tm_sec=25, tm_wday=0, tm_yday=76, tm_isdst=0)
2020-03-17 00:43:25,003 apscheduler.executors.default INFO     Job "trade_job (trigger: cron[year='*', month='*', day='*', week='*', day_of_week='*', hour='*', minute='*', second='*'], next run at: 2020-03-16 14:43:26 UTC)" executed successfully
2020-03-17 00:43:26,001 apscheduler.scheduler DEBUG    Looking for jobs to run
2020-03-17 00:43:26,001 apscheduler.scheduler DEBUG    Next wakeup is due at 2020-03-16 14:43:27+00:00 (in 0.998504 seconds)
2020-03-17 00:43:26,002 apscheduler.executors.default INFO     Running job "trade_job (trigger: cron[year='*', month='*', day='*', week='*', day_of_week='*', hour='*', minute='*', second='*'], next run at: 2020-03-16 14:43:27 UTC)" (scheduled at 2020-03-16 14:43:26+00:00)
2020-03-17 00:43:26,002 sandbox      DEBUG    running second job at time: time.struct_time(tm_year=2020, tm_mon=3, tm_mday=16, tm_hour=14, tm_min=43, tm_sec=26, tm_wday=0, tm_yday=76, tm_isdst=0)
2020-03-17 00:43:26,002 apscheduler.executors.default INFO     Job "trade_job (trigger: cron[year='*', month='*', day='*', week='*', day_of_week='*', hour='*', minute='*', second='*'], next run at: 2020-03-16 14:43:27 UTC)" executed successfully
2020-03-17 00:43:27,001 apscheduler.scheduler DEBUG    Looking for jobs to run
2020-03-17 00:43:27,002 apscheduler.scheduler DEBUG    Next wakeup is due at 2020-03-16 14:43:28+00:00 (in 0.998259 seconds)
2020-03-17 00:43:27,002 apscheduler.executors.default INFO     Running job "trade_job (trigger: cron[year='*', month='*', day='*', week='*', day_of_week='*', hour='*', minute='*', second='*'], next run at: 2020-03-16 14:43:28 UTC)" (scheduled at 2020-03-16 14:43:27+00:00)
2020-03-17 00:43:27,002 sandbox      DEBUG    running second job at time: time.struct_time(tm_year=2020, tm_mon=3, tm_mday=16, tm_hour=14, tm_min=43, tm_sec=27, tm_wday=0, tm_yday=76, tm_isdst=0)
2020-03-17 00:43:27,002 apscheduler.executors.default INFO     Job "trade_job (trigger: cron[year='*', month='*', day='*', week='*', day_of_week='*', hour='*', minute='*', second='*'], next run at: 2020-03-16 14:43:28 UTC)" executed successfully
2020-03-17 00:43:28,001 apscheduler.scheduler DEBUG    Looking for jobs to run
2020-03-17 00:43:28,001 apscheduler.scheduler DEBUG    Next wakeup is due at 2020-03-16 14:43:29+00:00 (in 0.998315 seconds)
2020-03-17 00:43:28,002 apscheduler.executors.default INFO     Running job "trade_job (trigger: cron[year='*', month='*', day='*', week='*', day_of_week='*', hour='*', minute='*', second='*'], next run at: 2020-03-16 14:43:29 UTC)" (scheduled at 2020-03-16 14:43:28+00:00)
2020-03-17 00:43:28,002 sandbox      DEBUG    running second job at time: time.struct_time(tm_year=2020, tm_mon=3, tm_mday=16, tm_hour=14, tm_min=43, tm_sec=28, tm_wday=0, tm_yday=76, tm_isdst=0)
2020-03-17 00:43:28,002 apscheduler.executors.default INFO     Job "trade_job (trigger: cron[year='*', month='*', day='*', week='*', day_of_week='*', hour='*', minute='*', second='*'], next run at: 2020-03-16 14:43:29 UTC)" executed successfully
2020-03-17 00:43:29,001 apscheduler.scheduler DEBUG    Looking for jobs to run
2020-03-17 00:43:29,002 apscheduler.scheduler DEBUG    Next wakeup is due at 2020-03-16 14:43:30+00:00 (in 0.998290 seconds)
2020-03-17 00:43:29,002 apscheduler.executors.default INFO     Running job "trade_job (trigger: cron[year='*', month='*', day='*', week='*', day_of_week='*', hour='*', minute='*', second='*'], next run at: 2020-03-16 14:43:30 UTC)" (scheduled at 2020-03-16 14:43:29+00:00)
2020-03-17 00:43:29,002 sandbox      DEBUG    running second job at time: time.struct_time(tm_year=2020, tm_mon=3, tm_mday=16, tm_hour=14, tm_min=43, tm_sec=29, tm_wday=0, tm_yday=76, tm_isdst=0)
2020-03-17 00:43:29,002 apscheduler.executors.default INFO     Job "trade_job (trigger: cron[year='*', month='*', day='*', week='*', day_of_week='*', hour='*', minute='*', second='*'], next run at: 2020-03-16 14:43:30 UTC)" executed successfully
2020-03-17 00:43:30,001 apscheduler.scheduler DEBUG    Looking for jobs to run
2020-03-17 00:43:30,001 apscheduler.scheduler DEBUG    Next wakeup is due at 2020-03-16 14:43:31+00:00 (in 0.998677 seconds)
2020-03-17 00:43:30,001 apscheduler.executors.default INFO     Running job "trade_job (trigger: cron[year='*', month='*', day='*', week='*', day_of_week='*', hour='*', minute='*', second='*'], next run at: 2020-03-16 14:43:31 UTC)" (scheduled at 2020-03-16 14:43:30+00:00)
2020-03-17 00:43:30,002 sandbox      DEBUG    running second job at time: time.struct_time(tm_year=2020, tm_mon=3, tm_mday=16, tm_hour=14, tm_min=43, tm_sec=30, tm_wday=0, tm_yday=76, tm_isdst=0)
2020-03-17 00:43:30,002 apscheduler.executors.default INFO     Job "trade_job (trigger: cron[year='*', month='*', day='*', week='*', day_of_week='*', hour='*', minute='*', second='*'], next run at: 2020-03-16 14:43:31 UTC)" executed successfully
2020-03-17 00:43:31,000 apscheduler.scheduler DEBUG    Looking for jobs to run
2020-03-17 00:43:31,001 apscheduler.scheduler DEBUG    Next wakeup is due at 2020-03-16 14:43:32+00:00 (in 0.999153 seconds)
2020-03-17 00:43:31,001 apscheduler.executors.default INFO     Running job "trade_job (trigger: cron[year='*', month='*', day='*', week='*', day_of_week='*', hour='*', minute='*', second='*'], next run at: 2020-03-16 14:43:32 UTC)" (scheduled at 2020-03-16 14:43:31+00:00)
2020-03-17 00:43:31,001 sandbox      DEBUG    running second job at time: time.struct_time(tm_year=2020, tm_mon=3, tm_mday=16, tm_hour=14, tm_min=43, tm_sec=31, tm_wday=0, tm_yday=76, tm_isdst=0)
2020-03-17 00:43:31,001 apscheduler.executors.default INFO     Job "trade_job (trigger: cron[year='*', month='*', day='*', week='*', day_of_week='*', hour='*', minute='*', second='*'], next run at: 2020-03-16 14:43:32 UTC)" executed successfully
2020-03-17 00:43:32,001 apscheduler.scheduler DEBUG    Looking for jobs to run
2020-03-17 00:43:32,002 apscheduler.scheduler DEBUG    Next wakeup is due at 2020-03-16 14:43:33+00:00 (in 0.998235 seconds)
2020-03-17 00:43:32,002 apscheduler.executors.default INFO     Running job "trade_job (trigger: cron[year='*', month='*', day='*', week='*', day_of_week='*', hour='*', minute='*', second='*'], next run at: 2020-03-16 14:43:33 UTC)" (scheduled at 2020-03-16 14:43:32+00:00)
2020-03-17 00:43:32,002 sandbox      DEBUG    running second job at time: time.struct_time(tm_year=2020, tm_mon=3, tm_mday=16, tm_hour=14, tm_min=43, tm_sec=32, tm_wday=0, tm_yday=76, tm_isdst=0)
2020-03-17 00:43:32,002 apscheduler.executors.default INFO     Job "trade_job (trigger: cron[year='*', month='*', day='*', week='*', day_of_week='*', hour='*', minute='*', second='*'], next run at: 2020-03-16 14:43:33 UTC)" executed successfully
2020-03-17 00:43:33,000 apscheduler.scheduler DEBUG    Looking for jobs to run
2020-03-17 00:43:33,001 apscheduler.scheduler DEBUG    Next wakeup is due at 2020-03-16 14:43:34+00:00 (in 0.998987 seconds)
2020-03-17 00:43:33,001 apscheduler.executors.default INFO     Running job "trade_job (trigger: cron[year='*', month='*', day='*', week='*', day_of_week='*', hour='*', minute='*', second='*'], next run at: 2020-03-16 14:43:34 UTC)" (scheduled at 2020-03-16 14:43:33+00:00)
2020-03-17 00:43:33,001 sandbox      DEBUG    running second job at time: time.struct_time(tm_year=2020, tm_mon=3, tm_mday=16, tm_hour=14, tm_min=43, tm_sec=33, tm_wday=0, tm_yday=76, tm_isdst=0)
2020-03-17 00:43:33,001 apscheduler.executors.default INFO     Job "trade_job (trigger: cron[year='*', month='*', day='*', week='*', day_of_week='*', hour='*', minute='*', second='*'], next run at: 2020-03-16 14:43:34 UTC)" executed successfully
2020-03-17 00:43:34,001 apscheduler.scheduler DEBUG    Looking for jobs to run
2020-03-17 00:43:34,001 apscheduler.scheduler DEBUG    Next wakeup is due at 2020-03-16 14:43:35+00:00 (in 0.998506 seconds)
2020-03-17 00:43:34,001 apscheduler.executors.default INFO     Running job "trade_job (trigger: cron[year='*', month='*', day='*', week='*', day_of_week='*', hour='*', minute='*', second='*'], next run at: 2020-03-16 14:43:35 UTC)" (scheduled at 2020-03-16 14:43:34+00:00)
2020-03-17 00:43:34,002 sandbox      DEBUG    running second job at time: time.struct_time(tm_year=2020, tm_mon=3, tm_mday=16, tm_hour=14, tm_min=43, tm_sec=34, tm_wday=0, tm_yday=76, tm_isdst=0)
2020-03-17 00:43:34,002 apscheduler.executors.default INFO     Job "trade_job (trigger: cron[year='*', month='*', day='*', week='*', day_of_week='*', hour='*', minute='*', second='*'], next run at: 2020-03-16 14:43:35 UTC)" executed successfully
2020-03-17 00:43:35,001 apscheduler.scheduler DEBUG    Looking for jobs to run
2020-03-17 00:43:35,001 apscheduler.scheduler DEBUG    Next wakeup is due at 2020-03-16 14:43:36+00:00 (in 0.998621 seconds)
2020-03-17 00:43:35,001 apscheduler.executors.default INFO     Running job "trade_job (trigger: cron[year='*', month='*', day='*', week='*', day_of_week='*', hour='*', minute='*', second='*'], next run at: 2020-03-16 14:43:36 UTC)" (scheduled at 2020-03-16 14:43:35+00:00)
2020-03-17 00:43:35,002 sandbox      DEBUG    running second job at time: time.struct_time(tm_year=2020, tm_mon=3, tm_mday=16, tm_hour=14, tm_min=43, tm_sec=35, tm_wday=0, tm_yday=76, tm_isdst=0)
2020-03-17 00:43:35,002 apscheduler.executors.default INFO     Job "trade_job (trigger: cron[year='*', month='*', day='*', week='*', day_of_week='*', hour='*', minute='*', second='*'], next run at: 2020-03-16 14:43:36 UTC)" executed successfully
2020-03-17 00:43:36,004 apscheduler.scheduler DEBUG    Looking for jobs to run
2020-03-17 00:43:36,005 apscheduler.scheduler DEBUG    Next wakeup is due at 2020-03-16 14:43:37+00:00 (in 0.995075 seconds)
2020-03-17 00:43:36,005 apscheduler.executors.default INFO     Running job "trade_job (trigger: cron[year='*', month='*', day='*', week='*', day_of_week='*', hour='*', minute='*', second='*'], next run at: 2020-03-16 14:43:37 UTC)" (scheduled at 2020-03-16 14:43:36+00:00)
2020-03-17 00:43:36,005 sandbox      DEBUG    running second job at time: time.struct_time(tm_year=2020, tm_mon=3, tm_mday=16, tm_hour=14, tm_min=43, tm_sec=36, tm_wday=0, tm_yday=76, tm_isdst=0)
2020-03-17 00:43:36,005 apscheduler.executors.default INFO     Job "trade_job (trigger: cron[year='*', month='*', day='*', week='*', day_of_week='*', hour='*', minute='*', second='*'], next run at: 2020-03-16 14:43:37 UTC)" executed successfully
2020-03-17 00:43:37,003 apscheduler.scheduler DEBUG    Looking for jobs to run
2020-03-17 00:43:37,003 apscheduler.scheduler DEBUG    Next wakeup is due at 2020-03-16 14:43:38+00:00 (in 0.996498 seconds)
2020-03-17 00:43:37,004 apscheduler.executors.default INFO     Running job "trade_job (trigger: cron[year='*', month='*', day='*', week='*', day_of_week='*', hour='*', minute='*', second='*'], next run at: 2020-03-16 14:43:38 UTC)" (scheduled at 2020-03-16 14:43:37+00:00)
2020-03-17 00:43:37,004 sandbox      DEBUG    running second job at time: time.struct_time(tm_year=2020, tm_mon=3, tm_mday=16, tm_hour=14, tm_min=43, tm_sec=37, tm_wday=0, tm_yday=76, tm_isdst=0)
2020-03-17 00:43:37,004 apscheduler.executors.default INFO     Job "trade_job (trigger: cron[year='*', month='*', day='*', week='*', day_of_week='*', hour='*', minute='*', second='*'], next run at: 2020-03-16 14:43:38 UTC)" executed successfully
2020-03-17 00:43:38,001 apscheduler.scheduler DEBUG    Looking for jobs to run
2020-03-17 00:43:38,001 apscheduler.scheduler DEBUG    Next wakeup is due at 2020-03-16 14:43:39+00:00 (in 0.998605 seconds)
2020-03-17 00:43:38,002 apscheduler.executors.default INFO     Running job "trade_job (trigger: cron[year='*', month='*', day='*', week='*', day_of_week='*', hour='*', minute='*', second='*'], next run at: 2020-03-16 14:43:39 UTC)" (scheduled at 2020-03-16 14:43:38+00:00)
2020-03-17 00:43:38,002 sandbox      DEBUG    running second job at time: time.struct_time(tm_year=2020, tm_mon=3, tm_mday=16, tm_hour=14, tm_min=43, tm_sec=38, tm_wday=0, tm_yday=76, tm_isdst=0)
2020-03-17 00:43:38,002 apscheduler.executors.default INFO     Job "trade_job (trigger: cron[year='*', month='*', day='*', week='*', day_of_week='*', hour='*', minute='*', second='*'], next run at: 2020-03-16 14:43:39 UTC)" executed successfully
2020-03-17 00:43:39,002 apscheduler.scheduler DEBUG    Looking for jobs to run
2020-03-17 00:43:39,002 apscheduler.scheduler DEBUG    Next wakeup is due at 2020-03-16 14:43:40+00:00 (in 0.997624 seconds)
2020-03-17 00:43:39,002 apscheduler.executors.default INFO     Running job "trade_job (trigger: cron[year='*', month='*', day='*', week='*', day_of_week='*', hour='*', minute='*', second='*'], next run at: 2020-03-16 14:43:40 UTC)" (scheduled at 2020-03-16 14:43:39+00:00)
2020-03-17 00:43:39,003 sandbox      DEBUG    running second job at time: time.struct_time(tm_year=2020, tm_mon=3, tm_mday=16, tm_hour=14, tm_min=43, tm_sec=39, tm_wday=0, tm_yday=76, tm_isdst=0)
2020-03-17 00:43:39,003 apscheduler.executors.default INFO     Job "trade_job (trigger: cron[year='*', month='*', day='*', week='*', day_of_week='*', hour='*', minute='*', second='*'], next run at: 2020-03-16 14:43:40 UTC)" executed successfully
2020-03-17 00:43:40,000 apscheduler.scheduler DEBUG    Looking for jobs to run
2020-03-17 00:43:40,000 apscheduler.scheduler DEBUG    Next wakeup is due at 2020-03-16 14:43:41+00:00 (in 0.999336 seconds)
2020-03-17 00:43:40,000 apscheduler.executors.default INFO     Running job "trade_job (trigger: cron[year='*', month='*', day='*', week='*', day_of_week='*', hour='*', minute='*', second='*'], next run at: 2020-03-16 14:43:41 UTC)" (scheduled at 2020-03-16 14:43:40+00:00)
2020-03-17 00:43:40,001 sandbox      DEBUG    running second job at time: time.struct_time(tm_year=2020, tm_mon=3, tm_mday=16, tm_hour=14, tm_min=43, tm_sec=40, tm_wday=0, tm_yday=76, tm_isdst=0)
2020-03-17 00:43:40,001 apscheduler.executors.default INFO     Job "trade_job (trigger: cron[year='*', month='*', day='*', week='*', day_of_week='*', hour='*', minute='*', second='*'], next run at: 2020-03-16 14:43:41 UTC)" executed successfully
2020-03-17 00:43:41,000 apscheduler.scheduler DEBUG    Looking for jobs to run
2020-03-17 00:43:41,000 apscheduler.scheduler DEBUG    Next wakeup is due at 2020-03-16 14:43:42+00:00 (in 0.999405 seconds)
2020-03-17 00:43:41,000 apscheduler.executors.default INFO     Running job "trade_job (trigger: cron[year='*', month='*', day='*', week='*', day_of_week='*', hour='*', minute='*', second='*'], next run at: 2020-03-16 14:43:42 UTC)" (scheduled at 2020-03-16 14:43:41+00:00)
2020-03-17 00:43:41,001 sandbox      DEBUG    running second job at time: time.struct_time(tm_year=2020, tm_mon=3, tm_mday=16, tm_hour=14, tm_min=43, tm_sec=41, tm_wday=0, tm_yday=76, tm_isdst=0)
2020-03-17 00:43:41,001 apscheduler.executors.default INFO     Job "trade_job (trigger: cron[year='*', month='*', day='*', week='*', day_of_week='*', hour='*', minute='*', second='*'], next run at: 2020-03-16 14:43:42 UTC)" executed successfully
2020-03-17 00:43:42,000 apscheduler.scheduler DEBUG    Looking for jobs to run
2020-03-17 00:43:42,000 apscheduler.scheduler DEBUG    Next wakeup is due at 2020-03-16 14:43:43+00:00 (in 0.999328 seconds)
2020-03-17 00:43:42,001 apscheduler.executors.default INFO     Running job "trade_job (trigger: cron[year='*', month='*', day='*', week='*', day_of_week='*', hour='*', minute='*', second='*'], next run at: 2020-03-16 14:43:43 UTC)" (scheduled at 2020-03-16 14:43:42+00:00)
2020-03-17 00:43:42,001 sandbox      DEBUG    running second job at time: time.struct_time(tm_year=2020, tm_mon=3, tm_mday=16, tm_hour=14, tm_min=43, tm_sec=42, tm_wday=0, tm_yday=76, tm_isdst=0)
2020-03-17 00:43:42,001 apscheduler.executors.default INFO     Job "trade_job (trigger: cron[year='*', month='*', day='*', week='*', day_of_week='*', hour='*', minute='*', second='*'], next run at: 2020-03-16 14:43:43 UTC)" executed successfully
2020-03-17 00:43:43,002 apscheduler.scheduler DEBUG    Looking for jobs to run
2020-03-17 00:43:43,002 apscheduler.scheduler DEBUG    Next wakeup is due at 2020-03-16 14:43:44+00:00 (in 0.997712 seconds)
2020-03-17 00:43:43,002 apscheduler.executors.default INFO     Running job "trade_job (trigger: cron[year='*', month='*', day='*', week='*', day_of_week='*', hour='*', minute='*', second='*'], next run at: 2020-03-16 14:43:44 UTC)" (scheduled at 2020-03-16 14:43:43+00:00)
2020-03-17 00:43:43,003 sandbox      DEBUG    running second job at time: time.struct_time(tm_year=2020, tm_mon=3, tm_mday=16, tm_hour=14, tm_min=43, tm_sec=43, tm_wday=0, tm_yday=76, tm_isdst=0)
2020-03-17 00:43:43,003 apscheduler.executors.default INFO     Job "trade_job (trigger: cron[year='*', month='*', day='*', week='*', day_of_week='*', hour='*', minute='*', second='*'], next run at: 2020-03-16 14:43:44 UTC)" executed successfully
2020-03-17 00:43:44,001 apscheduler.scheduler DEBUG    Looking for jobs to run
2020-03-17 00:43:44,001 apscheduler.scheduler DEBUG    Next wakeup is due at 2020-03-16 14:43:45+00:00 (in 0.998842 seconds)
2020-03-17 00:43:44,001 apscheduler.executors.default INFO     Running job "trade_job (trigger: cron[year='*', month='*', day='*', week='*', day_of_week='*', hour='*', minute='*', second='*'], next run at: 2020-03-16 14:43:45 UTC)" (scheduled at 2020-03-16 14:43:44+00:00)
2020-03-17 00:43:44,001 sandbox      DEBUG    running second job at time: time.struct_time(tm_year=2020, tm_mon=3, tm_mday=16, tm_hour=14, tm_min=43, tm_sec=44, tm_wday=0, tm_yday=76, tm_isdst=0)
2020-03-17 00:43:44,001 apscheduler.executors.default INFO     Job "trade_job (trigger: cron[year='*', month='*', day='*', week='*', day_of_week='*', hour='*', minute='*', second='*'], next run at: 2020-03-16 14:43:45 UTC)" executed successfully
2020-03-17 00:43:45,003 apscheduler.scheduler DEBUG    Looking for jobs to run
2020-03-17 00:43:45,004 apscheduler.scheduler DEBUG    Next wakeup is due at 2020-03-16 14:43:46+00:00 (in 0.996286 seconds)
2020-03-17 00:43:45,004 apscheduler.executors.default INFO     Running job "trade_job (trigger: cron[year='*', month='*', day='*', week='*', day_of_week='*', hour='*', minute='*', second='*'], next run at: 2020-03-16 14:43:46 UTC)" (scheduled at 2020-03-16 14:43:45+00:00)
2020-03-17 00:43:45,004 sandbox      DEBUG    running second job at time: time.struct_time(tm_year=2020, tm_mon=3, tm_mday=16, tm_hour=14, tm_min=43, tm_sec=45, tm_wday=0, tm_yday=76, tm_isdst=0)
2020-03-17 00:43:45,004 apscheduler.executors.default INFO     Job "trade_job (trigger: cron[year='*', month='*', day='*', week='*', day_of_week='*', hour='*', minute='*', second='*'], next run at: 2020-03-16 14:43:46 UTC)" executed successfully
2020-03-17 00:43:46,001 apscheduler.scheduler DEBUG    Looking for jobs to run
2020-03-17 00:43:46,001 apscheduler.scheduler DEBUG    Next wakeup is due at 2020-03-16 14:43:47+00:00 (in 0.998867 seconds)
2020-03-17 00:43:46,001 apscheduler.executors.default INFO     Running job "trade_job (trigger: cron[year='*', month='*', day='*', week='*', day_of_week='*', hour='*', minute='*', second='*'], next run at: 2020-03-16 14:43:47 UTC)" (scheduled at 2020-03-16 14:43:46+00:00)
2020-03-17 00:43:46,001 sandbox      DEBUG    running second job at time: time.struct_time(tm_year=2020, tm_mon=3, tm_mday=16, tm_hour=14, tm_min=43, tm_sec=46, tm_wday=0, tm_yday=76, tm_isdst=0)
2020-03-17 00:43:46,001 apscheduler.executors.default INFO     Job "trade_job (trigger: cron[year='*', month='*', day='*', week='*', day_of_week='*', hour='*', minute='*', second='*'], next run at: 2020-03-16 14:43:47 UTC)" executed successfully
2020-03-17 00:43:47,003 apscheduler.scheduler DEBUG    Looking for jobs to run
2020-03-17 00:43:47,003 apscheduler.scheduler DEBUG    Next wakeup is due at 2020-03-16 14:43:48+00:00 (in 0.996771 seconds)
2020-03-17 00:43:47,003 apscheduler.executors.default INFO     Running job "trade_job (trigger: cron[year='*', month='*', day='*', week='*', day_of_week='*', hour='*', minute='*', second='*'], next run at: 2020-03-16 14:43:48 UTC)" (scheduled at 2020-03-16 14:43:47+00:00)
2020-03-17 00:43:47,003 sandbox      DEBUG    running second job at time: time.struct_time(tm_year=2020, tm_mon=3, tm_mday=16, tm_hour=14, tm_min=43, tm_sec=47, tm_wday=0, tm_yday=76, tm_isdst=0)
2020-03-17 00:43:47,004 apscheduler.executors.default INFO     Job "trade_job (trigger: cron[year='*', month='*', day='*', week='*', day_of_week='*', hour='*', minute='*', second='*'], next run at: 2020-03-16 14:43:48 UTC)" executed successfully
2020-03-17 00:43:48,001 apscheduler.scheduler DEBUG    Looking for jobs to run
2020-03-17 00:43:48,001 apscheduler.scheduler DEBUG    Next wakeup is due at 2020-03-16 14:43:49+00:00 (in 0.998441 seconds)
2020-03-17 00:43:48,002 apscheduler.executors.default INFO     Running job "trade_job (trigger: cron[year='*', month='*', day='*', week='*', day_of_week='*', hour='*', minute='*', second='*'], next run at: 2020-03-16 14:43:49 UTC)" (scheduled at 2020-03-16 14:43:48+00:00)
2020-03-17 00:43:48,002 sandbox      DEBUG    running second job at time: time.struct_time(tm_year=2020, tm_mon=3, tm_mday=16, tm_hour=14, tm_min=43, tm_sec=48, tm_wday=0, tm_yday=76, tm_isdst=0)
2020-03-17 00:43:48,002 apscheduler.executors.default INFO     Job "trade_job (trigger: cron[year='*', month='*', day='*', week='*', day_of_week='*', hour='*', minute='*', second='*'], next run at: 2020-03-16 14:43:49 UTC)" executed successfully
2020-03-17 00:43:49,000 apscheduler.scheduler DEBUG    Looking for jobs to run
2020-03-17 00:43:49,001 apscheduler.scheduler DEBUG    Next wakeup is due at 2020-03-16 14:43:50+00:00 (in 0.999073 seconds)
2020-03-17 00:43:49,001 apscheduler.executors.default INFO     Running job "trade_job (trigger: cron[year='*', month='*', day='*', week='*', day_of_week='*', hour='*', minute='*', second='*'], next run at: 2020-03-16 14:43:50 UTC)" (scheduled at 2020-03-16 14:43:49+00:00)
2020-03-17 00:43:49,001 sandbox      DEBUG    running second job at time: time.struct_time(tm_year=2020, tm_mon=3, tm_mday=16, tm_hour=14, tm_min=43, tm_sec=49, tm_wday=0, tm_yday=76, tm_isdst=0)
2020-03-17 00:43:49,001 apscheduler.executors.default INFO     Job "trade_job (trigger: cron[year='*', month='*', day='*', week='*', day_of_week='*', hour='*', minute='*', second='*'], next run at: 2020-03-16 14:43:50 UTC)" executed successfully
2020-03-17 00:43:50,000 apscheduler.scheduler DEBUG    Looking for jobs to run
2020-03-17 00:43:50,001 apscheduler.scheduler DEBUG    Next wakeup is due at 2020-03-16 14:43:51+00:00 (in 0.999173 seconds)
2020-03-17 00:43:50,001 apscheduler.executors.default INFO     Running job "trade_job (trigger: cron[year='*', month='*', day='*', week='*', day_of_week='*', hour='*', minute='*', second='*'], next run at: 2020-03-16 14:43:51 UTC)" (scheduled at 2020-03-16 14:43:50+00:00)
2020-03-17 00:43:50,001 sandbox      DEBUG    running second job at time: time.struct_time(tm_year=2020, tm_mon=3, tm_mday=16, tm_hour=14, tm_min=43, tm_sec=50, tm_wday=0, tm_yday=76, tm_isdst=0)
2020-03-17 00:43:50,001 apscheduler.executors.default INFO     Job "trade_job (trigger: cron[year='*', month='*', day='*', week='*', day_of_week='*', hour='*', minute='*', second='*'], next run at: 2020-03-16 14:43:51 UTC)" executed successfully
2020-03-17 00:43:51,000 apscheduler.scheduler DEBUG    Looking for jobs to run
2020-03-17 00:43:51,001 apscheduler.scheduler DEBUG    Next wakeup is due at 2020-03-16 14:43:52+00:00 (in 0.998800 seconds)
2020-03-17 00:43:51,001 apscheduler.executors.default INFO     Running job "trade_job (trigger: cron[year='*', month='*', day='*', week='*', day_of_week='*', hour='*', minute='*', second='*'], next run at: 2020-03-16 14:43:52 UTC)" (scheduled at 2020-03-16 14:43:51+00:00)
2020-03-17 00:43:51,002 sandbox      DEBUG    running second job at time: time.struct_time(tm_year=2020, tm_mon=3, tm_mday=16, tm_hour=14, tm_min=43, tm_sec=51, tm_wday=0, tm_yday=76, tm_isdst=0)
2020-03-17 00:43:51,002 apscheduler.executors.default INFO     Job "trade_job (trigger: cron[year='*', month='*', day='*', week='*', day_of_week='*', hour='*', minute='*', second='*'], next run at: 2020-03-16 14:43:52 UTC)" executed successfully
2020-03-17 00:43:52,001 apscheduler.scheduler DEBUG    Looking for jobs to run
2020-03-17 00:43:52,001 apscheduler.scheduler DEBUG    Next wakeup is due at 2020-03-16 14:43:53+00:00 (in 0.998427 seconds)
2020-03-17 00:43:52,002 apscheduler.executors.default INFO     Running job "trade_job (trigger: cron[year='*', month='*', day='*', week='*', day_of_week='*', hour='*', minute='*', second='*'], next run at: 2020-03-16 14:43:53 UTC)" (scheduled at 2020-03-16 14:43:52+00:00)
2020-03-17 00:43:52,002 sandbox      DEBUG    running second job at time: time.struct_time(tm_year=2020, tm_mon=3, tm_mday=16, tm_hour=14, tm_min=43, tm_sec=52, tm_wday=0, tm_yday=76, tm_isdst=0)
2020-03-17 00:43:52,002 apscheduler.executors.default INFO     Job "trade_job (trigger: cron[year='*', month='*', day='*', week='*', day_of_week='*', hour='*', minute='*', second='*'], next run at: 2020-03-16 14:43:53 UTC)" executed successfully
2020-03-17 00:43:53,001 apscheduler.scheduler DEBUG    Looking for jobs to run
2020-03-17 00:43:53,001 apscheduler.scheduler DEBUG    Next wakeup is due at 2020-03-16 14:43:54+00:00 (in 0.998399 seconds)
2020-03-17 00:43:53,002 apscheduler.executors.default INFO     Running job "trade_job (trigger: cron[year='*', month='*', day='*', week='*', day_of_week='*', hour='*', minute='*', second='*'], next run at: 2020-03-16 14:43:54 UTC)" (scheduled at 2020-03-16 14:43:53+00:00)
2020-03-17 00:43:53,002 sandbox      DEBUG    running second job at time: time.struct_time(tm_year=2020, tm_mon=3, tm_mday=16, tm_hour=14, tm_min=43, tm_sec=53, tm_wday=0, tm_yday=76, tm_isdst=0)
2020-03-17 00:43:53,002 apscheduler.executors.default INFO     Job "trade_job (trigger: cron[year='*', month='*', day='*', week='*', day_of_week='*', hour='*', minute='*', second='*'], next run at: 2020-03-16 14:43:54 UTC)" executed successfully
2020-03-17 00:43:54,001 apscheduler.scheduler DEBUG    Looking for jobs to run
2020-03-17 00:43:54,002 apscheduler.scheduler DEBUG    Next wakeup is due at 2020-03-16 14:43:55+00:00 (in 0.998094 seconds)
2020-03-17 00:43:54,002 apscheduler.executors.default INFO     Running job "trade_job (trigger: cron[year='*', month='*', day='*', week='*', day_of_week='*', hour='*', minute='*', second='*'], next run at: 2020-03-16 14:43:55 UTC)" (scheduled at 2020-03-16 14:43:54+00:00)
2020-03-17 00:43:54,002 sandbox      DEBUG    running second job at time: time.struct_time(tm_year=2020, tm_mon=3, tm_mday=16, tm_hour=14, tm_min=43, tm_sec=54, tm_wday=0, tm_yday=76, tm_isdst=0)
2020-03-17 00:43:54,002 apscheduler.executors.default INFO     Job "trade_job (trigger: cron[year='*', month='*', day='*', week='*', day_of_week='*', hour='*', minute='*', second='*'], next run at: 2020-03-16 14:43:55 UTC)" executed successfully
2020-03-17 00:43:55,000 apscheduler.scheduler DEBUG    Looking for jobs to run
2020-03-17 00:43:55,001 apscheduler.scheduler DEBUG    Next wakeup is due at 2020-03-16 14:43:56+00:00 (in 0.998899 seconds)
2020-03-17 00:43:55,001 apscheduler.executors.default INFO     Running job "trade_job (trigger: cron[year='*', month='*', day='*', week='*', day_of_week='*', hour='*', minute='*', second='*'], next run at: 2020-03-16 14:43:56 UTC)" (scheduled at 2020-03-16 14:43:55+00:00)
2020-03-17 00:43:55,002 sandbox      DEBUG    running second job at time: time.struct_time(tm_year=2020, tm_mon=3, tm_mday=16, tm_hour=14, tm_min=43, tm_sec=55, tm_wday=0, tm_yday=76, tm_isdst=0)
2020-03-17 00:43:55,002 apscheduler.executors.default INFO     Job "trade_job (trigger: cron[year='*', month='*', day='*', week='*', day_of_week='*', hour='*', minute='*', second='*'], next run at: 2020-03-16 14:43:56 UTC)" executed successfully
2020-03-17 00:43:56,001 apscheduler.scheduler DEBUG    Looking for jobs to run
2020-03-17 00:43:56,001 apscheduler.scheduler DEBUG    Next wakeup is due at 2020-03-16 14:43:57+00:00 (in 0.998543 seconds)
2020-03-17 00:43:56,001 apscheduler.executors.default INFO     Running job "trade_job (trigger: cron[year='*', month='*', day='*', week='*', day_of_week='*', hour='*', minute='*', second='*'], next run at: 2020-03-16 14:43:57 UTC)" (scheduled at 2020-03-16 14:43:56+00:00)
2020-03-17 00:43:56,002 sandbox      DEBUG    running second job at time: time.struct_time(tm_year=2020, tm_mon=3, tm_mday=16, tm_hour=14, tm_min=43, tm_sec=56, tm_wday=0, tm_yday=76, tm_isdst=0)
2020-03-17 00:43:56,002 apscheduler.executors.default INFO     Job "trade_job (trigger: cron[year='*', month='*', day='*', week='*', day_of_week='*', hour='*', minute='*', second='*'], next run at: 2020-03-16 14:43:57 UTC)" executed successfully
2020-03-17 00:43:57,000 apscheduler.scheduler DEBUG    Looking for jobs to run
2020-03-17 00:43:57,001 apscheduler.scheduler DEBUG    Next wakeup is due at 2020-03-16 14:43:58+00:00 (in 0.999089 seconds)
2020-03-17 00:43:57,001 apscheduler.executors.default INFO     Running job "trade_job (trigger: cron[year='*', month='*', day='*', week='*', day_of_week='*', hour='*', minute='*', second='*'], next run at: 2020-03-16 14:43:58 UTC)" (scheduled at 2020-03-16 14:43:57+00:00)
2020-03-17 00:43:57,001 sandbox      DEBUG    running second job at time: time.struct_time(tm_year=2020, tm_mon=3, tm_mday=16, tm_hour=14, tm_min=43, tm_sec=57, tm_wday=0, tm_yday=76, tm_isdst=0)
2020-03-17 00:43:57,001 apscheduler.executors.default INFO     Job "trade_job (trigger: cron[year='*', month='*', day='*', week='*', day_of_week='*', hour='*', minute='*', second='*'], next run at: 2020-03-16 14:43:58 UTC)" executed successfully
2020-03-17 00:43:58,001 apscheduler.scheduler DEBUG    Looking for jobs to run
2020-03-17 00:43:58,001 apscheduler.scheduler DEBUG    Next wakeup is due at 2020-03-16 14:43:59+00:00 (in 0.998371 seconds)
2020-03-17 00:43:58,002 apscheduler.executors.default INFO     Running job "trade_job (trigger: cron[year='*', month='*', day='*', week='*', day_of_week='*', hour='*', minute='*', second='*'], next run at: 2020-03-16 14:43:59 UTC)" (scheduled at 2020-03-16 14:43:58+00:00)
2020-03-17 00:43:58,002 sandbox      DEBUG    running second job at time: time.struct_time(tm_year=2020, tm_mon=3, tm_mday=16, tm_hour=14, tm_min=43, tm_sec=58, tm_wday=0, tm_yday=76, tm_isdst=0)
2020-03-17 00:43:58,002 apscheduler.executors.default INFO     Job "trade_job (trigger: cron[year='*', month='*', day='*', week='*', day_of_week='*', hour='*', minute='*', second='*'], next run at: 2020-03-16 14:43:59 UTC)" executed successfully
2020-03-17 00:43:59,000 apscheduler.scheduler DEBUG    Looking for jobs to run
2020-03-17 00:43:59,001 apscheduler.scheduler DEBUG    Next wakeup is due at 2020-03-16 14:44:00+00:00 (in 0.998919 seconds)
2020-03-17 00:43:59,001 apscheduler.executors.default INFO     Running job "trade_job (trigger: cron[year='*', month='*', day='*', week='*', day_of_week='*', hour='*', minute='*', second='*'], next run at: 2020-03-16 14:44:00 UTC)" (scheduled at 2020-03-16 14:43:59+00:00)
2020-03-17 00:43:59,002 sandbox      DEBUG    running second job at time: time.struct_time(tm_year=2020, tm_mon=3, tm_mday=16, tm_hour=14, tm_min=43, tm_sec=59, tm_wday=0, tm_yday=76, tm_isdst=0)
2020-03-17 00:43:59,002 apscheduler.executors.default INFO     Job "trade_job (trigger: cron[year='*', month='*', day='*', week='*', day_of_week='*', hour='*', minute='*', second='*'], next run at: 2020-03-16 14:44:00 UTC)" executed successfully
2020-03-17 00:44:00,002 apscheduler.scheduler DEBUG    Looking for jobs to run
2020-03-17 00:44:00,003 apscheduler.scheduler DEBUG    Next wakeup is due at 2020-03-16 14:44:01+00:00 (in 0.996975 seconds)
2020-03-17 00:44:00,003 apscheduler.executors.default INFO     Running job "trade_job (trigger: cron[year='*', month='*', day='*', week='*', day_of_week='*', hour='*', minute='*', second='*'], next run at: 2020-03-16 14:44:01 UTC)" (scheduled at 2020-03-16 14:44:00+00:00)
2020-03-17 00:44:00,003 sandbox      DEBUG    running second job at time: time.struct_time(tm_year=2020, tm_mon=3, tm_mday=16, tm_hour=14, tm_min=44, tm_sec=0, tm_wday=0, tm_yday=76, tm_isdst=0)
2020-03-17 00:44:00,003 apscheduler.executors.default INFO     Job "trade_job (trigger: cron[year='*', month='*', day='*', week='*', day_of_week='*', hour='*', minute='*', second='*'], next run at: 2020-03-16 14:44:01 UTC)" executed successfully
2020-03-17 00:44:01,000 apscheduler.scheduler DEBUG    Looking for jobs to run
2020-03-17 00:44:01,001 apscheduler.scheduler DEBUG    Next wakeup is due at 2020-03-16 14:44:02+00:00 (in 0.999068 seconds)
2020-03-17 00:44:01,001 apscheduler.executors.default INFO     Running job "trade_job (trigger: cron[year='*', month='*', day='*', week='*', day_of_week='*', hour='*', minute='*', second='*'], next run at: 2020-03-16 14:44:02 UTC)" (scheduled at 2020-03-16 14:44:01+00:00)
2020-03-17 00:44:01,001 sandbox      DEBUG    running second job at time: time.struct_time(tm_year=2020, tm_mon=3, tm_mday=16, tm_hour=14, tm_min=44, tm_sec=1, tm_wday=0, tm_yday=76, tm_isdst=0)
2020-03-17 00:44:01,002 apscheduler.executors.default INFO     Job "trade_job (trigger: cron[year='*', month='*', day='*', week='*', day_of_week='*', hour='*', minute='*', second='*'], next run at: 2020-03-16 14:44:02 UTC)" executed successfully
2020-03-17 00:44:02,001 apscheduler.scheduler DEBUG    Looking for jobs to run
2020-03-17 00:44:02,002 apscheduler.scheduler DEBUG    Next wakeup is due at 2020-03-16 14:44:03+00:00 (in 0.998237 seconds)
2020-03-17 00:44:02,002 apscheduler.executors.default INFO     Running job "trade_job (trigger: cron[year='*', month='*', day='*', week='*', day_of_week='*', hour='*', minute='*', second='*'], next run at: 2020-03-16 14:44:03 UTC)" (scheduled at 2020-03-16 14:44:02+00:00)
2020-03-17 00:44:02,002 sandbox      DEBUG    running second job at time: time.struct_time(tm_year=2020, tm_mon=3, tm_mday=16, tm_hour=14, tm_min=44, tm_sec=2, tm_wday=0, tm_yday=76, tm_isdst=0)
2020-03-17 00:44:02,002 apscheduler.executors.default INFO     Job "trade_job (trigger: cron[year='*', month='*', day='*', week='*', day_of_week='*', hour='*', minute='*', second='*'], next run at: 2020-03-16 14:44:03 UTC)" executed successfully
2020-03-17 00:44:03,000 apscheduler.scheduler DEBUG    Looking for jobs to run
2020-03-17 00:44:03,001 apscheduler.scheduler DEBUG    Next wakeup is due at 2020-03-16 14:44:04+00:00 (in 0.999024 seconds)
2020-03-17 00:44:03,001 apscheduler.executors.default INFO     Running job "trade_job (trigger: cron[year='*', month='*', day='*', week='*', day_of_week='*', hour='*', minute='*', second='*'], next run at: 2020-03-16 14:44:04 UTC)" (scheduled at 2020-03-16 14:44:03+00:00)
2020-03-17 00:44:03,001 sandbox      DEBUG    running second job at time: time.struct_time(tm_year=2020, tm_mon=3, tm_mday=16, tm_hour=14, tm_min=44, tm_sec=3, tm_wday=0, tm_yday=76, tm_isdst=0)
2020-03-17 00:44:03,001 apscheduler.executors.default INFO     Job "trade_job (trigger: cron[year='*', month='*', day='*', week='*', day_of_week='*', hour='*', minute='*', second='*'], next run at: 2020-03-16 14:44:04 UTC)" executed successfully
2020-03-17 00:44:04,000 apscheduler.scheduler DEBUG    Looking for jobs to run
2020-03-17 00:44:04,001 apscheduler.scheduler DEBUG    Next wakeup is due at 2020-03-16 14:44:05+00:00 (in 0.999003 seconds)
2020-03-17 00:44:04,001 apscheduler.executors.default INFO     Running job "trade_job (trigger: cron[year='*', month='*', day='*', week='*', day_of_week='*', hour='*', minute='*', second='*'], next run at: 2020-03-16 14:44:05 UTC)" (scheduled at 2020-03-16 14:44:04+00:00)
2020-03-17 00:44:04,001 sandbox      DEBUG    running second job at time: time.struct_time(tm_year=2020, tm_mon=3, tm_mday=16, tm_hour=14, tm_min=44, tm_sec=4, tm_wday=0, tm_yday=76, tm_isdst=0)
2020-03-17 00:44:04,002 apscheduler.executors.default INFO     Job "trade_job (trigger: cron[year='*', month='*', day='*', week='*', day_of_week='*', hour='*', minute='*', second='*'], next run at: 2020-03-16 14:44:05 UTC)" executed successfully
2020-03-17 00:44:05,004 apscheduler.scheduler DEBUG    Looking for jobs to run
2020-03-17 00:44:05,004 apscheduler.scheduler DEBUG    Next wakeup is due at 2020-03-16 14:44:06+00:00 (in 0.995801 seconds)
2020-03-17 00:44:05,004 apscheduler.executors.default INFO     Running job "trade_job (trigger: cron[year='*', month='*', day='*', week='*', day_of_week='*', hour='*', minute='*', second='*'], next run at: 2020-03-16 14:44:06 UTC)" (scheduled at 2020-03-16 14:44:05+00:00)
2020-03-17 00:44:05,004 sandbox      DEBUG    running second job at time: time.struct_time(tm_year=2020, tm_mon=3, tm_mday=16, tm_hour=14, tm_min=44, tm_sec=5, tm_wday=0, tm_yday=76, tm_isdst=0)
2020-03-17 00:44:05,004 apscheduler.executors.default INFO     Job "trade_job (trigger: cron[year='*', month='*', day='*', week='*', day_of_week='*', hour='*', minute='*', second='*'], next run at: 2020-03-16 14:44:06 UTC)" executed successfully
2020-03-17 00:44:06,000 apscheduler.scheduler DEBUG    Looking for jobs to run
2020-03-17 00:44:06,001 apscheduler.scheduler DEBUG    Next wakeup is due at 2020-03-16 14:44:07+00:00 (in 0.998930 seconds)
2020-03-17 00:44:06,001 apscheduler.executors.default INFO     Running job "trade_job (trigger: cron[year='*', month='*', day='*', week='*', day_of_week='*', hour='*', minute='*', second='*'], next run at: 2020-03-16 14:44:07 UTC)" (scheduled at 2020-03-16 14:44:06+00:00)
2020-03-17 00:44:06,003 sandbox      DEBUG    running second job at time: time.struct_time(tm_year=2020, tm_mon=3, tm_mday=16, tm_hour=14, tm_min=44, tm_sec=6, tm_wday=0, tm_yday=76, tm_isdst=0)
2020-03-17 00:44:06,003 apscheduler.executors.default INFO     Job "trade_job (trigger: cron[year='*', month='*', day='*', week='*', day_of_week='*', hour='*', minute='*', second='*'], next run at: 2020-03-16 14:44:07 UTC)" executed successfully
2020-03-17 00:44:07,000 apscheduler.scheduler DEBUG    Looking for jobs to run
2020-03-17 00:44:07,001 apscheduler.scheduler DEBUG    Next wakeup is due at 2020-03-16 14:44:08+00:00 (in 0.998790 seconds)
2020-03-17 00:44:07,001 apscheduler.executors.default INFO     Running job "trade_job (trigger: cron[year='*', month='*', day='*', week='*', day_of_week='*', hour='*', minute='*', second='*'], next run at: 2020-03-16 14:44:08 UTC)" (scheduled at 2020-03-16 14:44:07+00:00)
2020-03-17 00:44:07,002 sandbox      DEBUG    running second job at time: time.struct_time(tm_year=2020, tm_mon=3, tm_mday=16, tm_hour=14, tm_min=44, tm_sec=7, tm_wday=0, tm_yday=76, tm_isdst=0)
2020-03-17 00:44:07,002 apscheduler.executors.default INFO     Job "trade_job (trigger: cron[year='*', month='*', day='*', week='*', day_of_week='*', hour='*', minute='*', second='*'], next run at: 2020-03-16 14:44:08 UTC)" executed successfully
2020-03-17 00:44:08,000 apscheduler.scheduler DEBUG    Looking for jobs to run
2020-03-17 00:44:08,001 apscheduler.scheduler DEBUG    Next wakeup is due at 2020-03-16 14:44:09+00:00 (in 0.998985 seconds)
2020-03-17 00:44:08,001 apscheduler.executors.default INFO     Running job "trade_job (trigger: cron[year='*', month='*', day='*', week='*', day_of_week='*', hour='*', minute='*', second='*'], next run at: 2020-03-16 14:44:09 UTC)" (scheduled at 2020-03-16 14:44:08+00:00)
2020-03-17 00:44:08,001 sandbox      DEBUG    running second job at time: time.struct_time(tm_year=2020, tm_mon=3, tm_mday=16, tm_hour=14, tm_min=44, tm_sec=8, tm_wday=0, tm_yday=76, tm_isdst=0)
2020-03-17 00:44:08,001 apscheduler.executors.default INFO     Job "trade_job (trigger: cron[year='*', month='*', day='*', week='*', day_of_week='*', hour='*', minute='*', second='*'], next run at: 2020-03-16 14:44:09 UTC)" executed successfully
2020-03-17 00:44:09,004 apscheduler.scheduler DEBUG    Looking for jobs to run
2020-03-17 00:44:09,005 apscheduler.scheduler DEBUG    Next wakeup is due at 2020-03-16 14:44:10+00:00 (in 0.995185 seconds)
2020-03-17 00:44:09,005 apscheduler.executors.default INFO     Running job "trade_job (trigger: cron[year='*', month='*', day='*', week='*', day_of_week='*', hour='*', minute='*', second='*'], next run at: 2020-03-16 14:44:10 UTC)" (scheduled at 2020-03-16 14:44:09+00:00)
2020-03-17 00:44:09,005 sandbox      DEBUG    running second job at time: time.struct_time(tm_year=2020, tm_mon=3, tm_mday=16, tm_hour=14, tm_min=44, tm_sec=9, tm_wday=0, tm_yday=76, tm_isdst=0)
2020-03-17 00:44:09,005 apscheduler.executors.default INFO     Job "trade_job (trigger: cron[year='*', month='*', day='*', week='*', day_of_week='*', hour='*', minute='*', second='*'], next run at: 2020-03-16 14:44:10 UTC)" executed successfully
2020-03-17 00:44:10,004 apscheduler.scheduler DEBUG    Looking for jobs to run
2020-03-17 00:44:10,004 apscheduler.scheduler DEBUG    Next wakeup is due at 2020-03-16 14:44:11+00:00 (in 0.995722 seconds)
2020-03-17 00:44:10,004 apscheduler.executors.default INFO     Running job "trade_job (trigger: cron[year='*', month='*', day='*', week='*', day_of_week='*', hour='*', minute='*', second='*'], next run at: 2020-03-16 14:44:11 UTC)" (scheduled at 2020-03-16 14:44:10+00:00)
2020-03-17 00:44:10,004 sandbox      DEBUG    running second job at time: time.struct_time(tm_year=2020, tm_mon=3, tm_mday=16, tm_hour=14, tm_min=44, tm_sec=10, tm_wday=0, tm_yday=76, tm_isdst=0)
2020-03-17 00:44:10,004 apscheduler.executors.default INFO     Job "trade_job (trigger: cron[year='*', month='*', day='*', week='*', day_of_week='*', hour='*', minute='*', second='*'], next run at: 2020-03-16 14:44:11 UTC)" executed successfully
2020-03-17 00:44:11,003 apscheduler.scheduler DEBUG    Looking for jobs to run
2020-03-17 00:44:11,003 apscheduler.scheduler DEBUG    Next wakeup is due at 2020-03-16 14:44:12+00:00 (in 0.996431 seconds)
2020-03-17 00:44:11,003 apscheduler.executors.default INFO     Running job "trade_job (trigger: cron[year='*', month='*', day='*', week='*', day_of_week='*', hour='*', minute='*', second='*'], next run at: 2020-03-16 14:44:12 UTC)" (scheduled at 2020-03-16 14:44:11+00:00)
2020-03-17 00:44:11,004 sandbox      DEBUG    running second job at time: time.struct_time(tm_year=2020, tm_mon=3, tm_mday=16, tm_hour=14, tm_min=44, tm_sec=11, tm_wday=0, tm_yday=76, tm_isdst=0)
2020-03-17 00:44:11,004 apscheduler.executors.default INFO     Job "trade_job (trigger: cron[year='*', month='*', day='*', week='*', day_of_week='*', hour='*', minute='*', second='*'], next run at: 2020-03-16 14:44:12 UTC)" executed successfully
2020-03-17 00:44:12,000 apscheduler.scheduler DEBUG    Looking for jobs to run
2020-03-17 00:44:12,001 apscheduler.scheduler DEBUG    Next wakeup is due at 2020-03-16 14:44:13+00:00 (in 0.999101 seconds)
2020-03-17 00:44:12,001 apscheduler.executors.default INFO     Running job "trade_job (trigger: cron[year='*', month='*', day='*', week='*', day_of_week='*', hour='*', minute='*', second='*'], next run at: 2020-03-16 14:44:13 UTC)" (scheduled at 2020-03-16 14:44:12+00:00)
2020-03-17 00:44:12,001 sandbox      DEBUG    running second job at time: time.struct_time(tm_year=2020, tm_mon=3, tm_mday=16, tm_hour=14, tm_min=44, tm_sec=12, tm_wday=0, tm_yday=76, tm_isdst=0)
2020-03-17 00:44:12,001 apscheduler.executors.default INFO     Job "trade_job (trigger: cron[year='*', month='*', day='*', week='*', day_of_week='*', hour='*', minute='*', second='*'], next run at: 2020-03-16 14:44:13 UTC)" executed successfully
2020-03-17 00:44:13,002 apscheduler.scheduler DEBUG    Looking for jobs to run
2020-03-17 00:44:13,002 apscheduler.scheduler DEBUG    Next wakeup is due at 2020-03-16 14:44:14+00:00 (in 0.997524 seconds)
2020-03-17 00:44:13,003 apscheduler.executors.default INFO     Running job "trade_job (trigger: cron[year='*', month='*', day='*', week='*', day_of_week='*', hour='*', minute='*', second='*'], next run at: 2020-03-16 14:44:14 UTC)" (scheduled at 2020-03-16 14:44:13+00:00)
2020-03-17 00:44:13,003 sandbox      DEBUG    running second job at time: time.struct_time(tm_year=2020, tm_mon=3, tm_mday=16, tm_hour=14, tm_min=44, tm_sec=13, tm_wday=0, tm_yday=76, tm_isdst=0)
2020-03-17 00:44:13,003 apscheduler.executors.default INFO     Job "trade_job (trigger: cron[year='*', month='*', day='*', week='*', day_of_week='*', hour='*', minute='*', second='*'], next run at: 2020-03-16 14:44:14 UTC)" executed successfully
2020-03-17 00:44:14,005 apscheduler.scheduler DEBUG    Looking for jobs to run
2020-03-17 00:44:14,006 apscheduler.scheduler DEBUG    Next wakeup is due at 2020-03-16 14:44:15+00:00 (in 0.994048 seconds)
2020-03-17 00:44:14,006 apscheduler.executors.default INFO     Running job "trade_job (trigger: cron[year='*', month='*', day='*', week='*', day_of_week='*', hour='*', minute='*', second='*'], next run at: 2020-03-16 14:44:15 UTC)" (scheduled at 2020-03-16 14:44:14+00:00)
2020-03-17 00:44:14,006 sandbox      DEBUG    running second job at time: time.struct_time(tm_year=2020, tm_mon=3, tm_mday=16, tm_hour=14, tm_min=44, tm_sec=14, tm_wday=0, tm_yday=76, tm_isdst=0)
2020-03-17 00:44:14,006 apscheduler.executors.default INFO     Job "trade_job (trigger: cron[year='*', month='*', day='*', week='*', day_of_week='*', hour='*', minute='*', second='*'], next run at: 2020-03-16 14:44:15 UTC)" executed successfully
2020-03-17 00:44:15,000 apscheduler.scheduler DEBUG    Looking for jobs to run
2020-03-17 00:44:15,001 apscheduler.scheduler DEBUG    Next wakeup is due at 2020-03-16 14:44:16+00:00 (in 0.999008 seconds)
2020-03-17 00:44:15,001 apscheduler.executors.default INFO     Running job "trade_job (trigger: cron[year='*', month='*', day='*', week='*', day_of_week='*', hour='*', minute='*', second='*'], next run at: 2020-03-16 14:44:16 UTC)" (scheduled at 2020-03-16 14:44:15+00:00)
2020-03-17 00:44:15,002 sandbox      DEBUG    running second job at time: time.struct_time(tm_year=2020, tm_mon=3, tm_mday=16, tm_hour=14, tm_min=44, tm_sec=15, tm_wday=0, tm_yday=76, tm_isdst=0)
2020-03-17 00:44:15,002 apscheduler.executors.default INFO     Job "trade_job (trigger: cron[year='*', month='*', day='*', week='*', day_of_week='*', hour='*', minute='*', second='*'], next run at: 2020-03-16 14:44:16 UTC)" executed successfully
2020-03-17 00:44:16,004 apscheduler.scheduler DEBUG    Looking for jobs to run
2020-03-17 00:44:16,004 apscheduler.scheduler DEBUG    Next wakeup is due at 2020-03-16 14:44:17+00:00 (in 0.995496 seconds)
2020-03-17 00:44:16,004 apscheduler.executors.default INFO     Running job "trade_job (trigger: cron[year='*', month='*', day='*', week='*', day_of_week='*', hour='*', minute='*', second='*'], next run at: 2020-03-16 14:44:17 UTC)" (scheduled at 2020-03-16 14:44:16+00:00)
2020-03-17 00:44:16,005 sandbox      DEBUG    running second job at time: time.struct_time(tm_year=2020, tm_mon=3, tm_mday=16, tm_hour=14, tm_min=44, tm_sec=16, tm_wday=0, tm_yday=76, tm_isdst=0)
2020-03-17 00:44:16,005 apscheduler.executors.default INFO     Job "trade_job (trigger: cron[year='*', month='*', day='*', week='*', day_of_week='*', hour='*', minute='*', second='*'], next run at: 2020-03-16 14:44:17 UTC)" executed successfully
2020-03-17 00:44:17,002 apscheduler.scheduler DEBUG    Looking for jobs to run
2020-03-17 00:44:17,003 apscheduler.scheduler DEBUG    Next wakeup is due at 2020-03-16 14:44:18+00:00 (in 0.997146 seconds)
2020-03-17 00:44:17,003 apscheduler.executors.default INFO     Running job "trade_job (trigger: cron[year='*', month='*', day='*', week='*', day_of_week='*', hour='*', minute='*', second='*'], next run at: 2020-03-16 14:44:18 UTC)" (scheduled at 2020-03-16 14:44:17+00:00)
2020-03-17 00:44:17,003 sandbox      DEBUG    running second job at time: time.struct_time(tm_year=2020, tm_mon=3, tm_mday=16, tm_hour=14, tm_min=44, tm_sec=17, tm_wday=0, tm_yday=76, tm_isdst=0)
2020-03-17 00:44:17,003 apscheduler.executors.default INFO     Job "trade_job (trigger: cron[year='*', month='*', day='*', week='*', day_of_week='*', hour='*', minute='*', second='*'], next run at: 2020-03-16 14:44:18 UTC)" executed successfully
2020-03-17 00:44:18,000 apscheduler.scheduler DEBUG    Looking for jobs to run
2020-03-17 00:44:18,001 apscheduler.scheduler DEBUG    Next wakeup is due at 2020-03-16 14:44:19+00:00 (in 0.998891 seconds)
2020-03-17 00:44:18,001 apscheduler.executors.default INFO     Running job "trade_job (trigger: cron[year='*', month='*', day='*', week='*', day_of_week='*', hour='*', minute='*', second='*'], next run at: 2020-03-16 14:44:19 UTC)" (scheduled at 2020-03-16 14:44:18+00:00)
2020-03-17 00:44:18,002 sandbox      DEBUG    running second job at time: time.struct_time(tm_year=2020, tm_mon=3, tm_mday=16, tm_hour=14, tm_min=44, tm_sec=18, tm_wday=0, tm_yday=76, tm_isdst=0)
2020-03-17 00:44:18,002 apscheduler.executors.default INFO     Job "trade_job (trigger: cron[year='*', month='*', day='*', week='*', day_of_week='*', hour='*', minute='*', second='*'], next run at: 2020-03-16 14:44:19 UTC)" executed successfully
2020-03-17 00:44:19,000 apscheduler.scheduler DEBUG    Looking for jobs to run
2020-03-17 00:44:19,001 apscheduler.scheduler DEBUG    Next wakeup is due at 2020-03-16 14:44:20+00:00 (in 0.998824 seconds)
2020-03-17 00:44:19,001 apscheduler.executors.default INFO     Running job "trade_job (trigger: cron[year='*', month='*', day='*', week='*', day_of_week='*', hour='*', minute='*', second='*'], next run at: 2020-03-16 14:44:20 UTC)" (scheduled at 2020-03-16 14:44:19+00:00)
2020-03-17 00:44:19,002 sandbox      DEBUG    running second job at time: time.struct_time(tm_year=2020, tm_mon=3, tm_mday=16, tm_hour=14, tm_min=44, tm_sec=19, tm_wday=0, tm_yday=76, tm_isdst=0)
2020-03-17 00:44:19,002 apscheduler.executors.default INFO     Job "trade_job (trigger: cron[year='*', month='*', day='*', week='*', day_of_week='*', hour='*', minute='*', second='*'], next run at: 2020-03-16 14:44:20 UTC)" executed successfully
2020-03-17 00:44:20,004 apscheduler.scheduler DEBUG    Looking for jobs to run
2020-03-17 00:44:20,004 apscheduler.scheduler DEBUG    Next wakeup is due at 2020-03-16 14:44:21+00:00 (in 0.995600 seconds)
2020-03-17 00:44:20,004 apscheduler.executors.default INFO     Running job "trade_job (trigger: cron[year='*', month='*', day='*', week='*', day_of_week='*', hour='*', minute='*', second='*'], next run at: 2020-03-16 14:44:21 UTC)" (scheduled at 2020-03-16 14:44:20+00:00)
2020-03-17 00:44:20,004 sandbox      DEBUG    running second job at time: time.struct_time(tm_year=2020, tm_mon=3, tm_mday=16, tm_hour=14, tm_min=44, tm_sec=20, tm_wday=0, tm_yday=76, tm_isdst=0)
2020-03-17 00:44:20,005 apscheduler.executors.default INFO     Job "trade_job (trigger: cron[year='*', month='*', day='*', week='*', day_of_week='*', hour='*', minute='*', second='*'], next run at: 2020-03-16 14:44:21 UTC)" executed successfully
2020-03-17 00:44:21,005 apscheduler.scheduler DEBUG    Looking for jobs to run
2020-03-17 00:44:21,005 apscheduler.scheduler DEBUG    Next wakeup is due at 2020-03-16 14:44:22+00:00 (in 0.994503 seconds)
2020-03-17 00:44:21,005 apscheduler.executors.default INFO     Running job "trade_job (trigger: cron[year='*', month='*', day='*', week='*', day_of_week='*', hour='*', minute='*', second='*'], next run at: 2020-03-16 14:44:22 UTC)" (scheduled at 2020-03-16 14:44:21+00:00)
2020-03-17 00:44:21,006 sandbox      DEBUG    running second job at time: time.struct_time(tm_year=2020, tm_mon=3, tm_mday=16, tm_hour=14, tm_min=44, tm_sec=21, tm_wday=0, tm_yday=76, tm_isdst=0)
2020-03-17 00:44:21,006 apscheduler.executors.default INFO     Job "trade_job (trigger: cron[year='*', month='*', day='*', week='*', day_of_week='*', hour='*', minute='*', second='*'], next run at: 2020-03-16 14:44:22 UTC)" executed successfully
2020-03-17 00:44:22,000 apscheduler.scheduler DEBUG    Looking for jobs to run
2020-03-17 00:44:22,001 apscheduler.scheduler DEBUG    Next wakeup is due at 2020-03-16 14:44:23+00:00 (in 0.998940 seconds)
2020-03-17 00:44:22,001 apscheduler.executors.default INFO     Running job "trade_job (trigger: cron[year='*', month='*', day='*', week='*', day_of_week='*', hour='*', minute='*', second='*'], next run at: 2020-03-16 14:44:23 UTC)" (scheduled at 2020-03-16 14:44:22+00:00)
2020-03-17 00:44:22,002 sandbox      DEBUG    running second job at time: time.struct_time(tm_year=2020, tm_mon=3, tm_mday=16, tm_hour=14, tm_min=44, tm_sec=22, tm_wday=0, tm_yday=76, tm_isdst=0)
2020-03-17 00:44:22,002 apscheduler.executors.default INFO     Job "trade_job (trigger: cron[year='*', month='*', day='*', week='*', day_of_week='*', hour='*', minute='*', second='*'], next run at: 2020-03-16 14:44:23 UTC)" executed successfully
2020-03-17 00:44:23,000 apscheduler.scheduler DEBUG    Looking for jobs to run
2020-03-17 00:44:23,001 apscheduler.scheduler DEBUG    Next wakeup is due at 2020-03-16 14:44:24+00:00 (in 0.998790 seconds)
2020-03-17 00:44:23,001 apscheduler.executors.default INFO     Running job "trade_job (trigger: cron[year='*', month='*', day='*', week='*', day_of_week='*', hour='*', minute='*', second='*'], next run at: 2020-03-16 14:44:24 UTC)" (scheduled at 2020-03-16 14:44:23+00:00)
2020-03-17 00:44:23,002 sandbox      DEBUG    running second job at time: time.struct_time(tm_year=2020, tm_mon=3, tm_mday=16, tm_hour=14, tm_min=44, tm_sec=23, tm_wday=0, tm_yday=76, tm_isdst=0)
2020-03-17 00:44:23,002 apscheduler.executors.default INFO     Job "trade_job (trigger: cron[year='*', month='*', day='*', week='*', day_of_week='*', hour='*', minute='*', second='*'], next run at: 2020-03-16 14:44:24 UTC)" executed successfully
2020-03-17 00:44:24,001 apscheduler.scheduler DEBUG    Looking for jobs to run
2020-03-17 00:44:24,001 apscheduler.scheduler DEBUG    Next wakeup is due at 2020-03-16 14:44:25+00:00 (in 0.998641 seconds)
2020-03-17 00:44:24,002 apscheduler.executors.default INFO     Running job "trade_job (trigger: cron[year='*', month='*', day='*', week='*', day_of_week='*', hour='*', minute='*', second='*'], next run at: 2020-03-16 14:44:25 UTC)" (scheduled at 2020-03-16 14:44:24+00:00)
2020-03-17 00:44:24,002 sandbox      DEBUG    running second job at time: time.struct_time(tm_year=2020, tm_mon=3, tm_mday=16, tm_hour=14, tm_min=44, tm_sec=24, tm_wday=0, tm_yday=76, tm_isdst=0)
2020-03-17 00:44:24,002 apscheduler.executors.default INFO     Job "trade_job (trigger: cron[year='*', month='*', day='*', week='*', day_of_week='*', hour='*', minute='*', second='*'], next run at: 2020-03-16 14:44:25 UTC)" executed successfully
2020-03-17 00:44:25,000 apscheduler.scheduler DEBUG    Looking for jobs to run
2020-03-17 00:44:25,001 apscheduler.scheduler DEBUG    Next wakeup is due at 2020-03-16 14:44:26+00:00 (in 0.998776 seconds)
2020-03-17 00:44:25,001 apscheduler.executors.default INFO     Running job "trade_job (trigger: cron[year='*', month='*', day='*', week='*', day_of_week='*', hour='*', minute='*', second='*'], next run at: 2020-03-16 14:44:26 UTC)" (scheduled at 2020-03-16 14:44:25+00:00)
2020-03-17 00:44:25,002 sandbox      DEBUG    running second job at time: time.struct_time(tm_year=2020, tm_mon=3, tm_mday=16, tm_hour=14, tm_min=44, tm_sec=25, tm_wday=0, tm_yday=76, tm_isdst=0)
2020-03-17 00:44:25,002 apscheduler.executors.default INFO     Job "trade_job (trigger: cron[year='*', month='*', day='*', week='*', day_of_week='*', hour='*', minute='*', second='*'], next run at: 2020-03-16 14:44:26 UTC)" executed successfully
2020-03-17 00:44:25,999 apscheduler.scheduler DEBUG    Looking for jobs to run
2020-03-17 00:44:26,000 apscheduler.scheduler DEBUG    Next wakeup is due at 2020-03-16 14:44:27+00:00 (in 0.999912 seconds)
2020-03-17 00:44:26,000 apscheduler.executors.default INFO     Running job "trade_job (trigger: cron[year='*', month='*', day='*', week='*', day_of_week='*', hour='*', minute='*', second='*'], next run at: 2020-03-16 14:44:27 UTC)" (scheduled at 2020-03-16 14:44:26+00:00)
2020-03-17 00:44:26,000 sandbox      DEBUG    running second job at time: time.struct_time(tm_year=2020, tm_mon=3, tm_mday=16, tm_hour=14, tm_min=44, tm_sec=26, tm_wday=0, tm_yday=76, tm_isdst=0)
2020-03-17 00:44:26,000 apscheduler.executors.default INFO     Job "trade_job (trigger: cron[year='*', month='*', day='*', week='*', day_of_week='*', hour='*', minute='*', second='*'], next run at: 2020-03-16 14:44:27 UTC)" executed successfully
2020-03-17 00:44:26,999 apscheduler.scheduler DEBUG    Looking for jobs to run
2020-03-17 00:44:26,999 apscheduler.scheduler DEBUG    Next wakeup is due at 2020-03-16 14:44:27+00:00 (in 0.000352 seconds)
2020-03-17 00:44:27,000 apscheduler.scheduler DEBUG    Looking for jobs to run
2020-03-17 00:44:27,000 apscheduler.scheduler DEBUG    Next wakeup is due at 2020-03-16 14:44:28+00:00 (in 0.999702 seconds)
2020-03-17 00:44:27,000 apscheduler.executors.default INFO     Running job "trade_job (trigger: cron[year='*', month='*', day='*', week='*', day_of_week='*', hour='*', minute='*', second='*'], next run at: 2020-03-16 14:44:28 UTC)" (scheduled at 2020-03-16 14:44:27+00:00)
2020-03-17 00:44:27,000 sandbox      DEBUG    running second job at time: time.struct_time(tm_year=2020, tm_mon=3, tm_mday=16, tm_hour=14, tm_min=44, tm_sec=27, tm_wday=0, tm_yday=76, tm_isdst=0)
2020-03-17 00:44:27,000 apscheduler.executors.default INFO     Job "trade_job (trigger: cron[year='*', month='*', day='*', week='*', day_of_week='*', hour='*', minute='*', second='*'], next run at: 2020-03-16 14:44:28 UTC)" executed successfully
2020-03-17 00:44:27,999 apscheduler.scheduler DEBUG    Looking for jobs to run
2020-03-17 00:44:28,000 apscheduler.scheduler DEBUG    Next wakeup is due at 2020-03-16 14:44:29+00:00 (in 0.999964 seconds)
2020-03-17 00:44:28,000 apscheduler.executors.default INFO     Running job "trade_job (trigger: cron[year='*', month='*', day='*', week='*', day_of_week='*', hour='*', minute='*', second='*'], next run at: 2020-03-16 14:44:29 UTC)" (scheduled at 2020-03-16 14:44:28+00:00)
2020-03-17 00:44:28,001 sandbox      DEBUG    running second job at time: time.struct_time(tm_year=2020, tm_mon=3, tm_mday=16, tm_hour=14, tm_min=44, tm_sec=28, tm_wday=0, tm_yday=76, tm_isdst=0)
2020-03-17 00:44:28,001 apscheduler.executors.default INFO     Job "trade_job (trigger: cron[year='*', month='*', day='*', week='*', day_of_week='*', hour='*', minute='*', second='*'], next run at: 2020-03-16 14:44:29 UTC)" executed successfully
2020-03-17 00:44:28,999 apscheduler.scheduler DEBUG    Looking for jobs to run
2020-03-17 00:44:29,000 apscheduler.scheduler DEBUG    Next wakeup is due at 2020-03-16 14:44:30+00:00 (in 0.999918 seconds)
2020-03-17 00:44:29,000 apscheduler.executors.default INFO     Running job "trade_job (trigger: cron[year='*', month='*', day='*', week='*', day_of_week='*', hour='*', minute='*', second='*'], next run at: 2020-03-16 14:44:30 UTC)" (scheduled at 2020-03-16 14:44:29+00:00)
2020-03-17 00:44:29,001 sandbox      DEBUG    running second job at time: time.struct_time(tm_year=2020, tm_mon=3, tm_mday=16, tm_hour=14, tm_min=44, tm_sec=29, tm_wday=0, tm_yday=76, tm_isdst=0)
2020-03-17 00:44:29,001 apscheduler.executors.default INFO     Job "trade_job (trigger: cron[year='*', month='*', day='*', week='*', day_of_week='*', hour='*', minute='*', second='*'], next run at: 2020-03-16 14:44:30 UTC)" executed successfully
2020-03-17 00:44:29,999 apscheduler.scheduler DEBUG    Looking for jobs to run
2020-03-17 00:44:30,000 apscheduler.scheduler DEBUG    Next wakeup is due at 2020-03-16 14:44:31+00:00 (in 0.999792 seconds)
2020-03-17 00:44:30,000 apscheduler.executors.default INFO     Running job "trade_job (trigger: cron[year='*', month='*', day='*', week='*', day_of_week='*', hour='*', minute='*', second='*'], next run at: 2020-03-16 14:44:31 UTC)" (scheduled at 2020-03-16 14:44:30+00:00)
2020-03-17 00:44:30,001 sandbox      DEBUG    running second job at time: time.struct_time(tm_year=2020, tm_mon=3, tm_mday=16, tm_hour=14, tm_min=44, tm_sec=30, tm_wday=0, tm_yday=76, tm_isdst=0)
2020-03-17 00:44:30,001 apscheduler.executors.default INFO     Job "trade_job (trigger: cron[year='*', month='*', day='*', week='*', day_of_week='*', hour='*', minute='*', second='*'], next run at: 2020-03-16 14:44:31 UTC)" executed successfully
2020-03-17 00:44:31,001 apscheduler.scheduler DEBUG    Looking for jobs to run
2020-03-17 00:44:31,001 apscheduler.scheduler DEBUG    Next wakeup is due at 2020-03-16 14:44:32+00:00 (in 0.998759 seconds)
2020-03-17 00:44:31,001 apscheduler.executors.default INFO     Running job "trade_job (trigger: cron[year='*', month='*', day='*', week='*', day_of_week='*', hour='*', minute='*', second='*'], next run at: 2020-03-16 14:44:32 UTC)" (scheduled at 2020-03-16 14:44:31+00:00)
2020-03-17 00:44:31,002 sandbox      DEBUG    running second job at time: time.struct_time(tm_year=2020, tm_mon=3, tm_mday=16, tm_hour=14, tm_min=44, tm_sec=31, tm_wday=0, tm_yday=76, tm_isdst=0)
2020-03-17 00:44:31,002 apscheduler.executors.default INFO     Job "trade_job (trigger: cron[year='*', month='*', day='*', week='*', day_of_week='*', hour='*', minute='*', second='*'], next run at: 2020-03-16 14:44:32 UTC)" executed successfully
2020-03-17 00:44:32,000 apscheduler.scheduler DEBUG    Looking for jobs to run
2020-03-17 00:44:32,000 apscheduler.scheduler DEBUG    Next wakeup is due at 2020-03-16 14:44:33+00:00 (in 0.999509 seconds)
2020-03-17 00:44:32,001 apscheduler.executors.default INFO     Running job "trade_job (trigger: cron[year='*', month='*', day='*', week='*', day_of_week='*', hour='*', minute='*', second='*'], next run at: 2020-03-16 14:44:33 UTC)" (scheduled at 2020-03-16 14:44:32+00:00)
2020-03-17 00:44:32,001 sandbox      DEBUG    running second job at time: time.struct_time(tm_year=2020, tm_mon=3, tm_mday=16, tm_hour=14, tm_min=44, tm_sec=32, tm_wday=0, tm_yday=76, tm_isdst=0)
2020-03-17 00:44:32,001 apscheduler.executors.default INFO     Job "trade_job (trigger: cron[year='*', month='*', day='*', week='*', day_of_week='*', hour='*', minute='*', second='*'], next run at: 2020-03-16 14:44:33 UTC)" executed successfully
